2023-02-25 01:51:19,173  WARN | HikariPool-1 housekeeper | com.zaxxer.hikari.pool.HikariPool                       | HikariPool-1 - Thread starvation or clock leap detected (housekeeper delta=3h29s517ms649µs). 
2023-02-25 12:01:30,502  WARN | HikariPool-1 housekeeper | com.zaxxer.hikari.pool.HikariPool                       | HikariPool-1 - Thread starvation or clock leap detected (housekeeper delta=10h10m16s726ms374µs900ns). 
2023-02-25 12:06:57,682  INFO | SpringApplicationShutdownHook | o.s.orm.jpa.LocalContainerEntityManagerFactoryBean      | Closing JPA EntityManagerFactory for persistence unit 'default' 
2023-02-25 12:06:57,687  INFO | SpringApplicationShutdownHook | com.zaxxer.hikari.HikariDataSource                      | HikariPool-1 - Shutdown initiated... 
2023-02-25 12:06:57,697  INFO | SpringApplicationShutdownHook | com.zaxxer.hikari.HikariDataSource                      | HikariPool-1 - Shutdown completed. 
2023-02-25 12:07:55,611  INFO | background-preinit | org.hibernate.validator.internal.util.Version           | HV000001: Hibernate Validator 6.2.0.Final 
2023-02-25 12:07:55,619  INFO | main | c.akraness.akranesswaitlist.AkranessWaitListApplication | Starting AkranessWaitListApplication using Java 11.0.16.1 on DESKTOP-F3OLI6E with PID 9736 (C:\Users\Admin\Documents\Java Projects\Akranex-api-backend\akraness-wait-list\target\classes started by Admin in C:\Users\Admin\Documents\Java Projects\Akranex-api-backend\akraness-wait-list) 
2023-02-25 12:07:55,620  INFO | main | c.akraness.akranesswaitlist.AkranessWaitListApplication | No active profile set, falling back to default profiles: default 
2023-02-25 12:07:57,252  INFO | main | o.s.d.repository.config.RepositoryConfigurationDelegate | Multiple Spring Data modules found, entering strict repository configuration mode! 
2023-02-25 12:07:57,255  INFO | main | o.s.d.repository.config.RepositoryConfigurationDelegate | Bootstrapping Spring Data JPA repositories in DEFAULT mode. 
2023-02-25 12:07:57,510  INFO | main | o.s.d.repository.config.RepositoryConfigurationDelegate | Finished Spring Data repository scanning in 240 ms. Found 2 JPA repository interfaces. 
2023-02-25 12:07:57,525  INFO | main | o.s.d.repository.config.RepositoryConfigurationDelegate | Multiple Spring Data modules found, entering strict repository configuration mode! 
2023-02-25 12:07:57,527  INFO | main | o.s.d.repository.config.RepositoryConfigurationDelegate | Bootstrapping Spring Data Redis repositories in DEFAULT mode. 
2023-02-25 12:07:57,546  INFO | main | o.s.d.r.config.RepositoryConfigurationExtensionSupport  | Spring Data Redis - Could not safely identify store assignment for repository candidate interface com.akraness.akranesswaitlist.repository.IUserRepository. If you want this repository to be a Redis repository, consider annotating your entities with one of these annotations: org.springframework.data.redis.core.RedisHash (preferred), or consider extending one of the following types with your repository: org.springframework.data.keyvalue.repository.KeyValueRepository. 
2023-02-25 12:07:57,547  INFO | main | o.s.d.r.config.RepositoryConfigurationExtensionSupport  | Spring Data Redis - Could not safely identify store assignment for repository candidate interface com.akraness.akranesswaitlist.repository.IWaitList. If you want this repository to be a Redis repository, consider annotating your entities with one of these annotations: org.springframework.data.redis.core.RedisHash (preferred), or consider extending one of the following types with your repository: org.springframework.data.keyvalue.repository.KeyValueRepository. 
2023-02-25 12:07:57,547  INFO | main | o.s.d.repository.config.RepositoryConfigurationDelegate | Finished Spring Data repository scanning in 9 ms. Found 0 Redis repository interfaces. 
2023-02-25 12:07:58,958  INFO | main | o.s.boot.web.embedded.tomcat.TomcatWebServer            | Tomcat initialized with port(s): 8083 (http) 
2023-02-25 12:07:58,971  INFO | main | org.apache.coyote.http11.Http11NioProtocol              | Initializing ProtocolHandler ["http-nio-8083"] 
2023-02-25 12:07:58,972  INFO | main | org.apache.catalina.core.StandardService                | Starting service [Tomcat] 
2023-02-25 12:07:58,972  INFO | main | org.apache.catalina.core.StandardEngine                 | Starting Servlet engine: [Apache Tomcat/9.0.56] 
2023-02-25 12:07:59,163  INFO | main | o.a.c.core.ContainerBase.[Tomcat].[localhost].[/user]   | Initializing Spring embedded WebApplicationContext 
2023-02-25 12:07:59,164  INFO | main | o.s.b.w.s.context.ServletWebServerApplicationContext    | Root WebApplicationContext: initialization completed in 3483 ms 
2023-02-25 12:07:59,619  INFO | main | com.zaxxer.hikari.HikariDataSource                      | HikariPool-1 - Starting... 
2023-02-25 12:08:00,150  INFO | main | com.zaxxer.hikari.HikariDataSource                      | HikariPool-1 - Start completed. 
2023-02-25 12:08:00,207  INFO | main | org.flywaydb.core.internal.license.VersionPrinter       | Flyway Community Edition 8.0.5 by Redgate 
2023-02-25 12:08:00,208  INFO | main | o.flywaydb.core.internal.database.base.BaseDatabaseType | Database: jdbc:mysql://localhost:3306/akraness (MySQL 8.0) 
2023-02-25 12:08:00,333  INFO | main | org.flywaydb.core.internal.command.DbValidate           | Successfully validated 2 migrations (execution time 00:00.040s) 
2023-02-25 12:08:00,350  INFO | main | org.flywaydb.core.internal.command.DbMigrate            | Current version of schema `akraness`: 1674026758 
2023-02-25 12:08:00,352  INFO | main | org.flywaydb.core.internal.command.DbMigrate            | Schema `akraness` is up to date. No migration necessary. 
2023-02-25 12:08:00,523  INFO | main | org.hibernate.jpa.internal.util.LogHelper               | HHH000204: Processing PersistenceUnitInfo [name: default] 
2023-02-25 12:08:00,607  INFO | main | org.hibernate.Version                                   | HHH000412: Hibernate ORM core version 5.6.4.Final 
2023-02-25 12:08:00,851  INFO | main | org.hibernate.annotations.common.Version                | HCANN000001: Hibernate Commons Annotations {5.1.2.Final} 
2023-02-25 12:08:01,078  INFO | main | org.hibernate.dialect.Dialect                           | HHH000400: Using dialect: org.hibernate.dialect.MySQL8Dialect 
2023-02-25 12:08:01,892  INFO | main | o.h.e.t.jta.platform.internal.JtaPlatformInitiator      | HHH000490: Using JtaPlatform implementation: [org.hibernate.engine.transaction.jta.platform.internal.NoJtaPlatform] 
2023-02-25 12:08:01,903  INFO | main | o.s.orm.jpa.LocalContainerEntityManagerFactoryBean      | Initialized JPA EntityManagerFactory for persistence unit 'default' 
2023-02-25 12:08:02,534  WARN | main | o.s.b.a.o.jpa.JpaBaseConfiguration$JpaWebConfiguration  | spring.jpa.open-in-view is enabled by default. Therefore, database queries may be performed during view rendering. Explicitly configure spring.jpa.open-in-view to disable this warning 
2023-02-25 12:08:03,251  INFO | main | o.s.security.web.DefaultSecurityFilterChain             | Will secure any request with [org.springframework.security.web.context.request.async.WebAsyncManagerIntegrationFilter@68e8bbab, org.springframework.security.web.context.SecurityContextPersistenceFilter@1c63b39a, org.springframework.security.web.header.HeaderWriterFilter@4f1072ee, org.springframework.security.web.authentication.logout.LogoutFilter@724e483f, com.akraness.akranesswaitlist.security.JwtRequestFilter@7236213e, org.springframework.security.web.savedrequest.RequestCacheAwareFilter@1bff4b1f, org.springframework.security.web.servletapi.SecurityContextHolderAwareRequestFilter@7e729046, org.springframework.security.web.authentication.AnonymousAuthenticationFilter@5dfaa2f0, org.springframework.security.web.session.SessionManagementFilter@50177966, org.springframework.security.web.access.ExceptionTranslationFilter@3e2a8fc, org.springframework.security.web.access.intercept.FilterSecurityInterceptor@50e7d8ba] 
2023-02-25 12:08:05,006  WARN | main | o.s.b.a.freemarker.FreeMarkerAutoConfiguration          | Cannot find template location(s): [classpath:/templates/] (please add some templates, check your FreeMarker configuration, or set spring.freemarker.checkTemplateLocation=false) 
2023-02-25 12:08:05,073  INFO | main | o.s.boot.actuate.endpoint.web.EndpointLinksResolver     | Exposing 1 endpoint(s) beneath base path '/actuator' 
2023-02-25 12:08:05,123  INFO | main | org.apache.coyote.http11.Http11NioProtocol              | Starting ProtocolHandler ["http-nio-8083"] 
2023-02-25 12:08:05,151  INFO | main | o.s.boot.web.embedded.tomcat.TomcatWebServer            | Tomcat started on port(s): 8083 (http) with context path '/user' 
2023-02-25 12:08:05,190  INFO | main | c.akraness.akranesswaitlist.AkranessWaitListApplication | Started AkranessWaitListApplication in 10.088 seconds (JVM running for 11.114) 
2023-02-25 12:08:55,088  INFO | http-nio-8083-exec-3 | o.a.c.core.ContainerBase.[Tomcat].[localhost].[/user]   | Initializing Spring DispatcherServlet 'dispatcherServlet' 
2023-02-25 12:08:55,090  INFO | http-nio-8083-exec-3 | org.springframework.web.servlet.DispatcherServlet       | Initializing Servlet 'dispatcherServlet' 
2023-02-25 12:08:55,094  INFO | http-nio-8083-exec-3 | org.springframework.web.servlet.DispatcherServlet       | Completed initialization in 4 ms 
2023-02-25 12:08:55,144  WARN | http-nio-8083-exec-3 | com.akraness.akranesswaitlist.security.JwtRequestFilter | JWT Token does not begin with Bearer String 
2023-02-25 12:08:58,632  INFO | http-nio-8083-exec-3 | c.a.akranesswaitlist.serviceimpl.NotificationService    | Payload received for recipient emmytoonaiz@gmail.com  and type is EMAIL  
2023-02-25 12:08:58,713  INFO | http-nio-8083-exec-3 | org.apache.kafka.clients.producer.ProducerConfig        | ProducerConfig values: 
	acks = -1
	batch.size = 16384
	bootstrap.servers = [localhost:9092]
	buffer.memory = 33554432
	client.dns.lookup = use_all_dns_ips
	client.id = producer-1
	compression.type = none
	connections.max.idle.ms = 540000
	delivery.timeout.ms = 120000
	enable.idempotence = true
	interceptor.classes = []
	key.serializer = class org.apache.kafka.common.serialization.StringSerializer
	linger.ms = 0
	max.block.ms = 60000
	max.in.flight.requests.per.connection = 5
	max.request.size = 1048576
	metadata.max.age.ms = 300000
	metadata.max.idle.ms = 300000
	metric.reporters = []
	metrics.num.samples = 2
	metrics.recording.level = INFO
	metrics.sample.window.ms = 30000
	partitioner.class = class org.apache.kafka.clients.producer.internals.DefaultPartitioner
	receive.buffer.bytes = 32768
	reconnect.backoff.max.ms = 1000
	reconnect.backoff.ms = 50
	request.timeout.ms = 30000
	retries = 2147483647
	retry.backoff.ms = 100
	sasl.client.callback.handler.class = null
	sasl.jaas.config = null
	sasl.kerberos.kinit.cmd = /usr/bin/kinit
	sasl.kerberos.min.time.before.relogin = 60000
	sasl.kerberos.service.name = null
	sasl.kerberos.ticket.renew.jitter = 0.05
	sasl.kerberos.ticket.renew.window.factor = 0.8
	sasl.login.callback.handler.class = null
	sasl.login.class = null
	sasl.login.refresh.buffer.seconds = 300
	sasl.login.refresh.min.period.seconds = 60
	sasl.login.refresh.window.factor = 0.8
	sasl.login.refresh.window.jitter = 0.05
	sasl.mechanism = GSSAPI
	security.protocol = PLAINTEXT
	security.providers = null
	send.buffer.bytes = 131072
	socket.connection.setup.timeout.max.ms = 30000
	socket.connection.setup.timeout.ms = 10000
	ssl.cipher.suites = null
	ssl.enabled.protocols = [TLSv1.2, TLSv1.3]
	ssl.endpoint.identification.algorithm = https
	ssl.engine.factory.class = null
	ssl.key.password = null
	ssl.keymanager.algorithm = SunX509
	ssl.keystore.certificate.chain = null
	ssl.keystore.key = null
	ssl.keystore.location = null
	ssl.keystore.password = null
	ssl.keystore.type = JKS
	ssl.protocol = TLSv1.3
	ssl.provider = null
	ssl.secure.random.implementation = null
	ssl.trustmanager.algorithm = PKIX
	ssl.truststore.certificates = null
	ssl.truststore.location = null
	ssl.truststore.password = null
	ssl.truststore.type = JKS
	transaction.timeout.ms = 60000
	transactional.id = null
	value.serializer = class org.apache.kafka.common.serialization.StringSerializer
 
2023-02-25 12:08:58,938  INFO | http-nio-8083-exec-3 | org.apache.kafka.common.utils.AppInfoParser             | Kafka version: 3.0.0 
2023-02-25 12:08:58,941  INFO | http-nio-8083-exec-3 | org.apache.kafka.common.utils.AppInfoParser             | Kafka commitId: 8cb0a5e9d3441962 
2023-02-25 12:08:58,942  INFO | http-nio-8083-exec-3 | org.apache.kafka.common.utils.AppInfoParser             | Kafka startTimeMs: 1677323338931 
2023-02-25 12:08:59,983  INFO | kafka-producer-network-thread | producer-1 | org.apache.kafka.clients.Metadata                       | [Producer clientId=producer-1] Cluster ID: d89rC4g8Thmgik-d9WZ1ng 
2023-02-25 12:09:00,010  INFO | http-nio-8083-exec-3 | c.a.akranesswaitlist.serviceimpl.NotificationService    | payload sent to queue for recipient emmytoonaiz@gmail.com  
2023-02-25 12:11:24,300  WARN | http-nio-8083-exec-6 | com.akraness.akranesswaitlist.security.JwtRequestFilter | JWT Token does not begin with Bearer String 
2023-02-25 12:11:24,365  INFO | http-nio-8083-exec-6 | com.akraness.akranesswaitlist.serviceimpl.Service       | new validity object is: {"email":"emmytoonaiz@gmail.com","code":"1489048","verified":true}  
2023-02-25 12:11:57,316  WARN | http-nio-8083-exec-7 | com.akraness.akranesswaitlist.security.JwtRequestFilter | JWT Token does not begin with Bearer String 
2023-02-25 12:11:57,884  WARN | http-nio-8083-exec-7 | org.hibernate.engine.jdbc.spi.SqlExceptionHelper        | SQL Error: 1054, SQLState: 42S22 
2023-02-25 12:11:57,884 ERROR | http-nio-8083-exec-7 | org.hibernate.engine.jdbc.spi.SqlExceptionHelper        | Unknown column 'created_date' in 'field list' 
2023-02-25 12:11:57,917 ERROR | http-nio-8083-exec-7 | o.a.c.c.C.[.[localhost].[/user].[dispatcherServlet]     | Servlet.service() for servlet [dispatcherServlet] in context with path [/user] threw exception [Request processing failed; nested exception is org.springframework.dao.InvalidDataAccessResourceUsageException: could not execute statement; SQL [n/a]; nested exception is org.hibernate.exception.SQLGrammarException: could not execute statement] with root cause 
java.sql.SQLSyntaxErrorException: Unknown column 'created_date' in 'field list'
	at com.mysql.cj.jdbc.exceptions.SQLError.createSQLException(SQLError.java:120)
	at com.mysql.cj.jdbc.exceptions.SQLExceptionsMapping.translateException(SQLExceptionsMapping.java:122)
	at com.mysql.cj.jdbc.ClientPreparedStatement.executeInternal(ClientPreparedStatement.java:953)
	at com.mysql.cj.jdbc.ClientPreparedStatement.executeUpdateInternal(ClientPreparedStatement.java:1098)
	at com.mysql.cj.jdbc.ClientPreparedStatement.executeUpdateInternal(ClientPreparedStatement.java:1046)
	at com.mysql.cj.jdbc.ClientPreparedStatement.executeLargeUpdate(ClientPreparedStatement.java:1371)
	at com.mysql.cj.jdbc.ClientPreparedStatement.executeUpdate(ClientPreparedStatement.java:1031)
	at com.zaxxer.hikari.pool.ProxyPreparedStatement.executeUpdate(ProxyPreparedStatement.java:61)
	at com.zaxxer.hikari.pool.HikariProxyPreparedStatement.executeUpdate(HikariProxyPreparedStatement.java)
	at org.hibernate.engine.jdbc.internal.ResultSetReturnImpl.executeUpdate(ResultSetReturnImpl.java:197)
	at org.hibernate.dialect.identity.GetGeneratedKeysDelegate.executeAndExtract(GetGeneratedKeysDelegate.java:58)
	at org.hibernate.id.insert.AbstractReturningDelegate.performInsert(AbstractReturningDelegate.java:43)
	at org.hibernate.persister.entity.AbstractEntityPersister.insert(AbstractEntityPersister.java:3279)
	at org.hibernate.persister.entity.AbstractEntityPersister.insert(AbstractEntityPersister.java:3885)
	at org.hibernate.action.internal.EntityIdentityInsertAction.execute(EntityIdentityInsertAction.java:84)
	at org.hibernate.engine.spi.ActionQueue.execute(ActionQueue.java:645)
	at org.hibernate.engine.spi.ActionQueue.addResolvedEntityInsertAction(ActionQueue.java:282)
	at org.hibernate.engine.spi.ActionQueue.addInsertAction(ActionQueue.java:263)
	at org.hibernate.engine.spi.ActionQueue.addAction(ActionQueue.java:317)
	at org.hibernate.event.internal.AbstractSaveEventListener.addInsertAction(AbstractSaveEventListener.java:330)
	at org.hibernate.event.internal.AbstractSaveEventListener.performSaveOrReplicate(AbstractSaveEventListener.java:287)
	at org.hibernate.event.internal.AbstractSaveEventListener.performSave(AbstractSaveEventListener.java:193)
	at org.hibernate.event.internal.AbstractSaveEventListener.saveWithGeneratedId(AbstractSaveEventListener.java:123)
	at org.hibernate.event.internal.DefaultPersistEventListener.entityIsTransient(DefaultPersistEventListener.java:185)
	at org.hibernate.event.internal.DefaultPersistEventListener.onPersist(DefaultPersistEventListener.java:128)
	at org.hibernate.event.internal.DefaultPersistEventListener.onPersist(DefaultPersistEventListener.java:55)
	at org.hibernate.event.service.internal.EventListenerGroupImpl.fireEventOnEachListener(EventListenerGroupImpl.java:107)
	at org.hibernate.internal.SessionImpl.firePersist(SessionImpl.java:760)
	at org.hibernate.internal.SessionImpl.persist(SessionImpl.java:746)
	at java.base/jdk.internal.reflect.NativeMethodAccessorImpl.invoke0(Native Method)
	at java.base/jdk.internal.reflect.NativeMethodAccessorImpl.invoke(NativeMethodAccessorImpl.java:62)
	at java.base/jdk.internal.reflect.DelegatingMethodAccessorImpl.invoke(DelegatingMethodAccessorImpl.java:43)
	at java.base/java.lang.reflect.Method.invoke(Method.java:566)
	at org.springframework.orm.jpa.ExtendedEntityManagerCreator$ExtendedEntityManagerInvocationHandler.invoke(ExtendedEntityManagerCreator.java:362)
	at com.sun.proxy.$Proxy143.persist(Unknown Source)
	at java.base/jdk.internal.reflect.NativeMethodAccessorImpl.invoke0(Native Method)
	at java.base/jdk.internal.reflect.NativeMethodAccessorImpl.invoke(NativeMethodAccessorImpl.java:62)
	at java.base/jdk.internal.reflect.DelegatingMethodAccessorImpl.invoke(DelegatingMethodAccessorImpl.java:43)
	at java.base/java.lang.reflect.Method.invoke(Method.java:566)
	at org.springframework.orm.jpa.SharedEntityManagerCreator$SharedEntityManagerInvocationHandler.invoke(SharedEntityManagerCreator.java:311)
	at com.sun.proxy.$Proxy143.persist(Unknown Source)
	at org.springframework.data.jpa.repository.support.SimpleJpaRepository.save(SimpleJpaRepository.java:630)
	at java.base/jdk.internal.reflect.NativeMethodAccessorImpl.invoke0(Native Method)
	at java.base/jdk.internal.reflect.NativeMethodAccessorImpl.invoke(NativeMethodAccessorImpl.java:62)
	at java.base/jdk.internal.reflect.DelegatingMethodAccessorImpl.invoke(DelegatingMethodAccessorImpl.java:43)
	at java.base/java.lang.reflect.Method.invoke(Method.java:566)
	at org.springframework.data.repository.core.support.RepositoryMethodInvoker$RepositoryFragmentMethodInvoker.lambda$new$0(RepositoryMethodInvoker.java:289)
	at org.springframework.data.repository.core.support.RepositoryMethodInvoker.doInvoke(RepositoryMethodInvoker.java:137)
	at org.springframework.data.repository.core.support.RepositoryMethodInvoker.invoke(RepositoryMethodInvoker.java:121)
	at org.springframework.data.repository.core.support.RepositoryComposition$RepositoryFragments.invoke(RepositoryComposition.java:529)
	at org.springframework.data.repository.core.support.RepositoryComposition.invoke(RepositoryComposition.java:285)
	at org.springframework.data.repository.core.support.RepositoryFactorySupport$ImplementationMethodExecutionInterceptor.invoke(RepositoryFactorySupport.java:639)
	at org.springframework.aop.framework.ReflectiveMethodInvocation.proceed(ReflectiveMethodInvocation.java:186)
	at org.springframework.data.repository.core.support.QueryExecutorMethodInterceptor.doInvoke(QueryExecutorMethodInterceptor.java:163)
	at org.springframework.data.repository.core.support.QueryExecutorMethodInterceptor.invoke(QueryExecutorMethodInterceptor.java:138)
	at org.springframework.aop.framework.ReflectiveMethodInvocation.proceed(ReflectiveMethodInvocation.java:186)
	at org.springframework.transaction.interceptor.TransactionInterceptor$1.proceedWithInvocation(TransactionInterceptor.java:123)
	at org.springframework.transaction.interceptor.TransactionAspectSupport.invokeWithinTransaction(TransactionAspectSupport.java:388)
	at org.springframework.transaction.interceptor.TransactionInterceptor.invoke(TransactionInterceptor.java:119)
	at org.springframework.aop.framework.ReflectiveMethodInvocation.proceed(ReflectiveMethodInvocation.java:186)
	at org.springframework.dao.support.PersistenceExceptionTranslationInterceptor.invoke(PersistenceExceptionTranslationInterceptor.java:137)
	at org.springframework.aop.framework.ReflectiveMethodInvocation.proceed(ReflectiveMethodInvocation.java:186)
	at org.springframework.data.jpa.repository.support.CrudMethodMetadataPostProcessor$CrudMethodMetadataPopulatingMethodInterceptor.invoke(CrudMethodMetadataPostProcessor.java:174)
	at org.springframework.aop.framework.ReflectiveMethodInvocation.proceed(ReflectiveMethodInvocation.java:186)
	at org.springframework.aop.interceptor.ExposeInvocationInterceptor.invoke(ExposeInvocationInterceptor.java:97)
	at org.springframework.aop.framework.ReflectiveMethodInvocation.proceed(ReflectiveMethodInvocation.java:186)
	at org.springframework.aop.framework.JdkDynamicAopProxy.invoke(JdkDynamicAopProxy.java:215)
	at com.sun.proxy.$Proxy147.save(Unknown Source)
	at com.akraness.akranesswaitlist.serviceimpl.Service.signup(Service.java:187)
	at com.akraness.akranesswaitlist.controller.NonAuthController.Signup(NonAuthController.java:55)
	at java.base/jdk.internal.reflect.NativeMethodAccessorImpl.invoke0(Native Method)
	at java.base/jdk.internal.reflect.NativeMethodAccessorImpl.invoke(NativeMethodAccessorImpl.java:62)
	at java.base/jdk.internal.reflect.DelegatingMethodAccessorImpl.invoke(DelegatingMethodAccessorImpl.java:43)
	at java.base/java.lang.reflect.Method.invoke(Method.java:566)
	at org.springframework.web.method.support.InvocableHandlerMethod.doInvoke(InvocableHandlerMethod.java:205)
	at org.springframework.web.method.support.InvocableHandlerMethod.invokeForRequest(InvocableHandlerMethod.java:150)
	at org.springframework.web.servlet.mvc.method.annotation.ServletInvocableHandlerMethod.invokeAndHandle(ServletInvocableHandlerMethod.java:117)
	at org.springframework.web.servlet.mvc.method.annotation.RequestMappingHandlerAdapter.invokeHandlerMethod(RequestMappingHandlerAdapter.java:895)
	at org.springframework.web.servlet.mvc.method.annotation.RequestMappingHandlerAdapter.handleInternal(RequestMappingHandlerAdapter.java:808)
	at org.springframework.web.servlet.mvc.method.AbstractHandlerMethodAdapter.handle(AbstractHandlerMethodAdapter.java:87)
	at org.springframework.web.servlet.DispatcherServlet.doDispatch(DispatcherServlet.java:1067)
	at org.springframework.web.servlet.DispatcherServlet.doService(DispatcherServlet.java:963)
	at org.springframework.web.servlet.FrameworkServlet.processRequest(FrameworkServlet.java:1006)
	at org.springframework.web.servlet.FrameworkServlet.doPost(FrameworkServlet.java:909)
	at javax.servlet.http.HttpServlet.service(HttpServlet.java:681)
	at org.springframework.web.servlet.FrameworkServlet.service(FrameworkServlet.java:883)
	at javax.servlet.http.HttpServlet.service(HttpServlet.java:764)
	at org.apache.catalina.core.ApplicationFilterChain.internalDoFilter(ApplicationFilterChain.java:227)
	at org.apache.catalina.core.ApplicationFilterChain.doFilter(ApplicationFilterChain.java:162)
	at org.apache.tomcat.websocket.server.WsFilter.doFilter(WsFilter.java:53)
	at org.apache.catalina.core.ApplicationFilterChain.internalDoFilter(ApplicationFilterChain.java:189)
	at org.apache.catalina.core.ApplicationFilterChain.doFilter(ApplicationFilterChain.java:162)
	at org.springframework.web.filter.OncePerRequestFilter.doFilter(OncePerRequestFilter.java:111)
	at org.apache.catalina.core.ApplicationFilterChain.internalDoFilter(ApplicationFilterChain.java:189)
	at org.apache.catalina.core.ApplicationFilterChain.doFilter(ApplicationFilterChain.java:162)
	at org.springframework.web.servlet.resource.ResourceUrlEncodingFilter.doFilter(ResourceUrlEncodingFilter.java:67)
	at org.apache.catalina.core.ApplicationFilterChain.internalDoFilter(ApplicationFilterChain.java:189)
	at org.apache.catalina.core.ApplicationFilterChain.doFilter(ApplicationFilterChain.java:162)
	at org.springframework.security.web.FilterChainProxy$VirtualFilterChain.doFilter(FilterChainProxy.java:327)
	at org.springframework.security.web.access.intercept.FilterSecurityInterceptor.invoke(FilterSecurityInterceptor.java:115)
	at org.springframework.security.web.access.intercept.FilterSecurityInterceptor.doFilter(FilterSecurityInterceptor.java:81)
	at org.springframework.security.web.FilterChainProxy$VirtualFilterChain.doFilter(FilterChainProxy.java:336)
	at org.springframework.security.web.access.ExceptionTranslationFilter.doFilter(ExceptionTranslationFilter.java:122)
	at org.springframework.security.web.access.ExceptionTranslationFilter.doFilter(ExceptionTranslationFilter.java:116)
	at org.springframework.security.web.FilterChainProxy$VirtualFilterChain.doFilter(FilterChainProxy.java:336)
	at org.springframework.security.web.session.SessionManagementFilter.doFilter(SessionManagementFilter.java:126)
	at org.springframework.security.web.session.SessionManagementFilter.doFilter(SessionManagementFilter.java:81)
	at org.springframework.security.web.FilterChainProxy$VirtualFilterChain.doFilter(FilterChainProxy.java:336)
	at org.springframework.security.web.authentication.AnonymousAuthenticationFilter.doFilter(AnonymousAuthenticationFilter.java:109)
	at org.springframework.security.web.FilterChainProxy$VirtualFilterChain.doFilter(FilterChainProxy.java:336)
	at org.springframework.security.web.servletapi.SecurityContextHolderAwareRequestFilter.doFilter(SecurityContextHolderAwareRequestFilter.java:149)
	at org.springframework.security.web.FilterChainProxy$VirtualFilterChain.doFilter(FilterChainProxy.java:336)
	at org.springframework.security.web.savedrequest.RequestCacheAwareFilter.doFilter(RequestCacheAwareFilter.java:63)
	at org.springframework.security.web.FilterChainProxy$VirtualFilterChain.doFilter(FilterChainProxy.java:336)
	at com.akraness.akranesswaitlist.security.JwtRequestFilter.doFilterInternal(JwtRequestFilter.java:72)
	at org.springframework.web.filter.OncePerRequestFilter.doFilter(OncePerRequestFilter.java:117)
	at org.springframework.security.web.FilterChainProxy$VirtualFilterChain.doFilter(FilterChainProxy.java:336)
	at org.springframework.security.web.authentication.logout.LogoutFilter.doFilter(LogoutFilter.java:103)
	at org.springframework.security.web.authentication.logout.LogoutFilter.doFilter(LogoutFilter.java:89)
	at org.springframework.security.web.FilterChainProxy$VirtualFilterChain.doFilter(FilterChainProxy.java:336)
	at org.springframework.security.web.header.HeaderWriterFilter.doHeadersAfter(HeaderWriterFilter.java:90)
	at org.springframework.security.web.header.HeaderWriterFilter.doFilterInternal(HeaderWriterFilter.java:75)
	at org.springframework.web.filter.OncePerRequestFilter.doFilter(OncePerRequestFilter.java:117)
	at org.springframework.security.web.FilterChainProxy$VirtualFilterChain.doFilter(FilterChainProxy.java:336)
	at org.springframework.security.web.context.SecurityContextPersistenceFilter.doFilter(SecurityContextPersistenceFilter.java:110)
	at org.springframework.security.web.context.SecurityContextPersistenceFilter.doFilter(SecurityContextPersistenceFilter.java:80)
	at org.springframework.security.web.FilterChainProxy$VirtualFilterChain.doFilter(FilterChainProxy.java:336)
	at org.springframework.security.web.context.request.async.WebAsyncManagerIntegrationFilter.doFilterInternal(WebAsyncManagerIntegrationFilter.java:55)
	at org.springframework.web.filter.OncePerRequestFilter.doFilter(OncePerRequestFilter.java:117)
	at org.springframework.security.web.FilterChainProxy$VirtualFilterChain.doFilter(FilterChainProxy.java:336)
	at org.springframework.security.web.FilterChainProxy.doFilterInternal(FilterChainProxy.java:211)
	at org.springframework.security.web.FilterChainProxy.doFilter(FilterChainProxy.java:183)
	at org.springframework.web.filter.DelegatingFilterProxy.invokeDelegate(DelegatingFilterProxy.java:354)
	at org.springframework.web.filter.DelegatingFilterProxy.doFilter(DelegatingFilterProxy.java:267)
	at org.apache.catalina.core.ApplicationFilterChain.internalDoFilter(ApplicationFilterChain.java:189)
	at org.apache.catalina.core.ApplicationFilterChain.doFilter(ApplicationFilterChain.java:162)
	at org.springframework.web.filter.RequestContextFilter.doFilterInternal(RequestContextFilter.java:100)
	at org.springframework.web.filter.OncePerRequestFilter.doFilter(OncePerRequestFilter.java:117)
	at org.apache.catalina.core.ApplicationFilterChain.internalDoFilter(ApplicationFilterChain.java:189)
	at org.apache.catalina.core.ApplicationFilterChain.doFilter(ApplicationFilterChain.java:162)
	at org.springframework.web.filter.FormContentFilter.doFilterInternal(FormContentFilter.java:93)
	at org.springframework.web.filter.OncePerRequestFilter.doFilter(OncePerRequestFilter.java:117)
	at org.apache.catalina.core.ApplicationFilterChain.internalDoFilter(ApplicationFilterChain.java:189)
	at org.apache.catalina.core.ApplicationFilterChain.doFilter(ApplicationFilterChain.java:162)
	at org.springframework.boot.actuate.metrics.web.servlet.WebMvcMetricsFilter.doFilterInternal(WebMvcMetricsFilter.java:96)
	at org.springframework.web.filter.OncePerRequestFilter.doFilter(OncePerRequestFilter.java:117)
	at org.apache.catalina.core.ApplicationFilterChain.internalDoFilter(ApplicationFilterChain.java:189)
	at org.apache.catalina.core.ApplicationFilterChain.doFilter(ApplicationFilterChain.java:162)
	at org.springframework.web.filter.CharacterEncodingFilter.doFilterInternal(CharacterEncodingFilter.java:201)
	at org.springframework.web.filter.OncePerRequestFilter.doFilter(OncePerRequestFilter.java:117)
	at org.apache.catalina.core.ApplicationFilterChain.internalDoFilter(ApplicationFilterChain.java:189)
	at org.apache.catalina.core.ApplicationFilterChain.doFilter(ApplicationFilterChain.java:162)
	at org.apache.catalina.core.StandardWrapperValve.invoke(StandardWrapperValve.java:197)
	at org.apache.catalina.core.StandardContextValve.invoke(StandardContextValve.java:97)
	at org.apache.catalina.authenticator.AuthenticatorBase.invoke(AuthenticatorBase.java:540)
	at org.apache.catalina.core.StandardHostValve.invoke(StandardHostValve.java:135)
	at org.apache.catalina.valves.ErrorReportValve.invoke(ErrorReportValve.java:92)
	at org.apache.catalina.core.StandardEngineValve.invoke(StandardEngineValve.java:78)
	at org.apache.catalina.connector.CoyoteAdapter.service(CoyoteAdapter.java:357)
	at org.apache.coyote.http11.Http11Processor.service(Http11Processor.java:382)
	at org.apache.coyote.AbstractProcessorLight.process(AbstractProcessorLight.java:65)
	at org.apache.coyote.AbstractProtocol$ConnectionHandler.process(AbstractProtocol.java:895)
	at org.apache.tomcat.util.net.NioEndpoint$SocketProcessor.doRun(NioEndpoint.java:1732)
	at org.apache.tomcat.util.net.SocketProcessorBase.run(SocketProcessorBase.java:49)
	at org.apache.tomcat.util.threads.ThreadPoolExecutor.runWorker(ThreadPoolExecutor.java:1191)
	at org.apache.tomcat.util.threads.ThreadPoolExecutor$Worker.run(ThreadPoolExecutor.java:659)
	at org.apache.tomcat.util.threads.TaskThread$WrappingRunnable.run(TaskThread.java:61)
	at java.base/java.lang.Thread.run(Thread.java:834)
2023-02-25 12:14:42,578  INFO | SpringApplicationShutdownHook | org.apache.kafka.clients.producer.KafkaProducer         | [Producer clientId=producer-1] Closing the Kafka producer with timeoutMillis = 30000 ms. 
2023-02-25 12:14:42,586  INFO | SpringApplicationShutdownHook | org.apache.kafka.common.metrics.Metrics                 | Metrics scheduler closed 
2023-02-25 12:14:42,586  INFO | SpringApplicationShutdownHook | org.apache.kafka.common.metrics.Metrics                 | Closing reporter org.apache.kafka.common.metrics.JmxReporter 
2023-02-25 12:14:42,586  INFO | SpringApplicationShutdownHook | org.apache.kafka.common.metrics.Metrics                 | Metrics reporters closed 
2023-02-25 12:14:42,587  INFO | SpringApplicationShutdownHook | org.apache.kafka.common.utils.AppInfoParser             | App info kafka.producer for producer-1 unregistered 
2023-02-25 12:14:42,590  INFO | SpringApplicationShutdownHook | o.s.orm.jpa.LocalContainerEntityManagerFactoryBean      | Closing JPA EntityManagerFactory for persistence unit 'default' 
2023-02-25 12:14:42,592  INFO | SpringApplicationShutdownHook | com.zaxxer.hikari.HikariDataSource                      | HikariPool-1 - Shutdown initiated... 
2023-02-25 12:14:42,602  INFO | SpringApplicationShutdownHook | com.zaxxer.hikari.HikariDataSource                      | HikariPool-1 - Shutdown completed. 
2023-02-25 12:17:55,849  INFO | background-preinit | org.hibernate.validator.internal.util.Version           | HV000001: Hibernate Validator 6.2.0.Final 
2023-02-25 12:17:55,860  INFO | main | c.akraness.akranesswaitlist.AkranessWaitListApplication | Starting AkranessWaitListApplication using Java 11.0.16.1 on DESKTOP-F3OLI6E with PID 12776 (C:\Users\Admin\Documents\Java Projects\Akranex-api-backend\akraness-wait-list\target\classes started by Admin in C:\Users\Admin\Documents\Java Projects\Akranex-api-backend\akraness-wait-list) 
2023-02-25 12:17:55,862  INFO | main | c.akraness.akranesswaitlist.AkranessWaitListApplication | No active profile set, falling back to default profiles: default 
2023-02-25 12:17:57,530  INFO | main | o.s.d.repository.config.RepositoryConfigurationDelegate | Multiple Spring Data modules found, entering strict repository configuration mode! 
2023-02-25 12:17:57,533  INFO | main | o.s.d.repository.config.RepositoryConfigurationDelegate | Bootstrapping Spring Data JPA repositories in DEFAULT mode. 
2023-02-25 12:17:57,740  INFO | main | o.s.d.repository.config.RepositoryConfigurationDelegate | Finished Spring Data repository scanning in 196 ms. Found 2 JPA repository interfaces. 
2023-02-25 12:17:57,759  INFO | main | o.s.d.repository.config.RepositoryConfigurationDelegate | Multiple Spring Data modules found, entering strict repository configuration mode! 
2023-02-25 12:17:57,762  INFO | main | o.s.d.repository.config.RepositoryConfigurationDelegate | Bootstrapping Spring Data Redis repositories in DEFAULT mode. 
2023-02-25 12:17:57,782  INFO | main | o.s.d.r.config.RepositoryConfigurationExtensionSupport  | Spring Data Redis - Could not safely identify store assignment for repository candidate interface com.akraness.akranesswaitlist.repository.IUserRepository. If you want this repository to be a Redis repository, consider annotating your entities with one of these annotations: org.springframework.data.redis.core.RedisHash (preferred), or consider extending one of the following types with your repository: org.springframework.data.keyvalue.repository.KeyValueRepository. 
2023-02-25 12:17:57,783  INFO | main | o.s.d.r.config.RepositoryConfigurationExtensionSupport  | Spring Data Redis - Could not safely identify store assignment for repository candidate interface com.akraness.akranesswaitlist.repository.IWaitList. If you want this repository to be a Redis repository, consider annotating your entities with one of these annotations: org.springframework.data.redis.core.RedisHash (preferred), or consider extending one of the following types with your repository: org.springframework.data.keyvalue.repository.KeyValueRepository. 
2023-02-25 12:17:57,783  INFO | main | o.s.d.repository.config.RepositoryConfigurationDelegate | Finished Spring Data repository scanning in 9 ms. Found 0 Redis repository interfaces. 
2023-02-25 12:17:59,053  INFO | main | o.s.boot.web.embedded.tomcat.TomcatWebServer            | Tomcat initialized with port(s): 8083 (http) 
2023-02-25 12:17:59,064  INFO | main | org.apache.coyote.http11.Http11NioProtocol              | Initializing ProtocolHandler ["http-nio-8083"] 
2023-02-25 12:17:59,064  INFO | main | org.apache.catalina.core.StandardService                | Starting service [Tomcat] 
2023-02-25 12:17:59,064  INFO | main | org.apache.catalina.core.StandardEngine                 | Starting Servlet engine: [Apache Tomcat/9.0.56] 
2023-02-25 12:17:59,237  INFO | main | o.a.c.core.ContainerBase.[Tomcat].[localhost].[/user]   | Initializing Spring embedded WebApplicationContext 
2023-02-25 12:17:59,238  INFO | main | o.s.b.w.s.context.ServletWebServerApplicationContext    | Root WebApplicationContext: initialization completed in 3293 ms 
2023-02-25 12:17:59,693  INFO | main | com.zaxxer.hikari.HikariDataSource                      | HikariPool-1 - Starting... 
2023-02-25 12:18:00,168  INFO | main | com.zaxxer.hikari.HikariDataSource                      | HikariPool-1 - Start completed. 
2023-02-25 12:18:00,224  INFO | main | org.flywaydb.core.internal.license.VersionPrinter       | Flyway Community Edition 8.0.5 by Redgate 
2023-02-25 12:18:00,224  INFO | main | o.flywaydb.core.internal.database.base.BaseDatabaseType | Database: jdbc:mysql://localhost:3306/akraness (MySQL 8.0) 
2023-02-25 12:18:00,280  INFO | main | org.flywaydb.core.internal.command.DbValidate           | Successfully validated 2 migrations (execution time 00:00.025s) 
2023-02-25 12:18:00,324  INFO | main | o.f.core.internal.schemahistory.JdbcTableSchemaHistory  | Creating Schema History table `akraness`.`flyway_schema_history` ... 
2023-02-25 12:18:00,492  INFO | main | org.flywaydb.core.internal.command.DbMigrate            | Current version of schema `akraness`: << Empty Schema >> 
2023-02-25 12:18:00,502  INFO | main | org.flywaydb.core.internal.command.DbMigrate            | Migrating schema `akraness` to version "1672775817 - create tbl waitlist" 
2023-02-25 12:18:00,574  INFO | main | org.flywaydb.core.internal.command.DbMigrate            | Migrating schema `akraness` to version "1674026758 - create tbl user" 
2023-02-25 12:18:00,626  WARN | main | o.f.core.internal.sqlscript.DefaultSqlScriptExecutor    | DB: Integer display width is deprecated and will be removed in a future release. (SQL State: HY000 - Error Code: 1681) 
2023-02-25 12:18:00,626  WARN | main | o.f.core.internal.sqlscript.DefaultSqlScriptExecutor    | DB: Integer display width is deprecated and will be removed in a future release. (SQL State: HY000 - Error Code: 1681) 
2023-02-25 12:18:00,626  WARN | main | o.f.core.internal.sqlscript.DefaultSqlScriptExecutor    | DB: Integer display width is deprecated and will be removed in a future release. (SQL State: HY000 - Error Code: 1681) 
2023-02-25 12:18:00,627  WARN | main | o.f.core.internal.sqlscript.DefaultSqlScriptExecutor    | DB: Integer display width is deprecated and will be removed in a future release. (SQL State: HY000 - Error Code: 1681) 
2023-02-25 12:18:00,649  INFO | main | org.flywaydb.core.internal.command.DbMigrate            | Successfully applied 2 migrations to schema `akraness`, now at version v1674026758 (execution time 00:00.166s) 
2023-02-25 12:18:00,767  INFO | main | org.hibernate.jpa.internal.util.LogHelper               | HHH000204: Processing PersistenceUnitInfo [name: default] 
2023-02-25 12:18:00,847  INFO | main | org.hibernate.Version                                   | HHH000412: Hibernate ORM core version 5.6.4.Final 
2023-02-25 12:18:01,070  INFO | main | org.hibernate.annotations.common.Version                | HCANN000001: Hibernate Commons Annotations {5.1.2.Final} 
2023-02-25 12:18:01,263  INFO | main | org.hibernate.dialect.Dialect                           | HHH000400: Using dialect: org.hibernate.dialect.MySQL8Dialect 
2023-02-25 12:18:02,041  INFO | main | o.h.e.t.jta.platform.internal.JtaPlatformInitiator      | HHH000490: Using JtaPlatform implementation: [org.hibernate.engine.transaction.jta.platform.internal.NoJtaPlatform] 
2023-02-25 12:18:02,056  INFO | main | o.s.orm.jpa.LocalContainerEntityManagerFactoryBean      | Initialized JPA EntityManagerFactory for persistence unit 'default' 
2023-02-25 12:18:02,713  WARN | main | o.s.b.a.o.jpa.JpaBaseConfiguration$JpaWebConfiguration  | spring.jpa.open-in-view is enabled by default. Therefore, database queries may be performed during view rendering. Explicitly configure spring.jpa.open-in-view to disable this warning 
2023-02-25 12:18:03,354  INFO | main | o.s.security.web.DefaultSecurityFilterChain             | Will secure any request with [org.springframework.security.web.context.request.async.WebAsyncManagerIntegrationFilter@4caca86d, org.springframework.security.web.context.SecurityContextPersistenceFilter@75c5ab79, org.springframework.security.web.header.HeaderWriterFilter@5e8f1db2, org.springframework.security.web.authentication.logout.LogoutFilter@40032b7b, com.akraness.akranesswaitlist.security.JwtRequestFilter@3b48361e, org.springframework.security.web.savedrequest.RequestCacheAwareFilter@502f6f6a, org.springframework.security.web.servletapi.SecurityContextHolderAwareRequestFilter@293dd4b3, org.springframework.security.web.authentication.AnonymousAuthenticationFilter@4bf2c697, org.springframework.security.web.session.SessionManagementFilter@4a648b35, org.springframework.security.web.access.ExceptionTranslationFilter@68fb6c1e, org.springframework.security.web.access.intercept.FilterSecurityInterceptor@4ec78008] 
2023-02-25 12:18:05,115  WARN | main | o.s.b.a.freemarker.FreeMarkerAutoConfiguration          | Cannot find template location(s): [classpath:/templates/] (please add some templates, check your FreeMarker configuration, or set spring.freemarker.checkTemplateLocation=false) 
2023-02-25 12:18:05,190  INFO | main | o.s.boot.actuate.endpoint.web.EndpointLinksResolver     | Exposing 1 endpoint(s) beneath base path '/actuator' 
2023-02-25 12:18:05,250  INFO | main | org.apache.coyote.http11.Http11NioProtocol              | Starting ProtocolHandler ["http-nio-8083"] 
2023-02-25 12:18:05,278  INFO | main | o.s.boot.web.embedded.tomcat.TomcatWebServer            | Tomcat started on port(s): 8083 (http) with context path '/user' 
2023-02-25 12:18:05,313  INFO | main | c.akraness.akranesswaitlist.AkranessWaitListApplication | Started AkranessWaitListApplication in 10.106 seconds (JVM running for 11.04) 
2023-02-25 12:29:07,521  INFO | SpringApplicationShutdownHook | o.s.orm.jpa.LocalContainerEntityManagerFactoryBean      | Closing JPA EntityManagerFactory for persistence unit 'default' 
2023-02-25 12:29:07,526  INFO | SpringApplicationShutdownHook | com.zaxxer.hikari.HikariDataSource                      | HikariPool-1 - Shutdown initiated... 
2023-02-25 12:29:07,546  INFO | SpringApplicationShutdownHook | com.zaxxer.hikari.HikariDataSource                      | HikariPool-1 - Shutdown completed. 
2023-02-25 12:50:08,353  INFO | background-preinit | org.hibernate.validator.internal.util.Version           | HV000001: Hibernate Validator 6.2.0.Final 
2023-02-25 12:50:08,364  INFO | main | c.akraness.akranesswaitlist.AkranessWaitListApplication | Starting AkranessWaitListApplication using Java 11.0.16.1 on DESKTOP-F3OLI6E with PID 9524 (C:\Users\Admin\Documents\Java Projects\Akranex-api-backend\akraness-wait-list\target\classes started by Admin in C:\Users\Admin\Documents\Java Projects\Akranex-api-backend\akraness-wait-list) 
2023-02-25 12:50:08,365  INFO | main | c.akraness.akranesswaitlist.AkranessWaitListApplication | No active profile set, falling back to default profiles: default 
2023-02-25 12:50:10,073  INFO | main | o.s.d.repository.config.RepositoryConfigurationDelegate | Multiple Spring Data modules found, entering strict repository configuration mode! 
2023-02-25 12:50:10,077  INFO | main | o.s.d.repository.config.RepositoryConfigurationDelegate | Bootstrapping Spring Data JPA repositories in DEFAULT mode. 
2023-02-25 12:50:10,317  INFO | main | o.s.d.repository.config.RepositoryConfigurationDelegate | Finished Spring Data repository scanning in 228 ms. Found 2 JPA repository interfaces. 
2023-02-25 12:50:10,337  INFO | main | o.s.d.repository.config.RepositoryConfigurationDelegate | Multiple Spring Data modules found, entering strict repository configuration mode! 
2023-02-25 12:50:10,340  INFO | main | o.s.d.repository.config.RepositoryConfigurationDelegate | Bootstrapping Spring Data Redis repositories in DEFAULT mode. 
2023-02-25 12:50:10,365  INFO | main | o.s.d.r.config.RepositoryConfigurationExtensionSupport  | Spring Data Redis - Could not safely identify store assignment for repository candidate interface com.akraness.akranesswaitlist.repository.IUserRepository. If you want this repository to be a Redis repository, consider annotating your entities with one of these annotations: org.springframework.data.redis.core.RedisHash (preferred), or consider extending one of the following types with your repository: org.springframework.data.keyvalue.repository.KeyValueRepository. 
2023-02-25 12:50:10,365  INFO | main | o.s.d.r.config.RepositoryConfigurationExtensionSupport  | Spring Data Redis - Could not safely identify store assignment for repository candidate interface com.akraness.akranesswaitlist.repository.IWaitList. If you want this repository to be a Redis repository, consider annotating your entities with one of these annotations: org.springframework.data.redis.core.RedisHash (preferred), or consider extending one of the following types with your repository: org.springframework.data.keyvalue.repository.KeyValueRepository. 
2023-02-25 12:50:10,366  INFO | main | o.s.d.repository.config.RepositoryConfigurationDelegate | Finished Spring Data repository scanning in 11 ms. Found 0 Redis repository interfaces. 
2023-02-25 12:50:11,637  INFO | main | o.s.boot.web.embedded.tomcat.TomcatWebServer            | Tomcat initialized with port(s): 8083 (http) 
2023-02-25 12:50:11,652  INFO | main | org.apache.coyote.http11.Http11NioProtocol              | Initializing ProtocolHandler ["http-nio-8083"] 
2023-02-25 12:50:11,652  INFO | main | org.apache.catalina.core.StandardService                | Starting service [Tomcat] 
2023-02-25 12:50:11,652  INFO | main | org.apache.catalina.core.StandardEngine                 | Starting Servlet engine: [Apache Tomcat/9.0.56] 
2023-02-25 12:50:11,879  INFO | main | o.a.c.core.ContainerBase.[Tomcat].[localhost].[/user]   | Initializing Spring embedded WebApplicationContext 
2023-02-25 12:50:11,880  INFO | main | o.s.b.w.s.context.ServletWebServerApplicationContext    | Root WebApplicationContext: initialization completed in 3436 ms 
2023-02-25 12:50:12,343  INFO | main | com.zaxxer.hikari.HikariDataSource                      | HikariPool-1 - Starting... 
2023-02-25 12:50:12,776  INFO | main | com.zaxxer.hikari.HikariDataSource                      | HikariPool-1 - Start completed. 
2023-02-25 12:50:12,874  INFO | main | org.flywaydb.core.internal.license.VersionPrinter       | Flyway Community Edition 8.0.5 by Redgate 
2023-02-25 12:50:12,875  INFO | main | o.flywaydb.core.internal.database.base.BaseDatabaseType | Database: jdbc:mysql://localhost:3306/akraness (MySQL 8.0) 
2023-02-25 12:50:12,982  INFO | main | org.flywaydb.core.internal.command.DbValidate           | Successfully validated 2 migrations (execution time 00:00.050s) 
2023-02-25 12:50:13,005  INFO | main | org.flywaydb.core.internal.command.DbMigrate            | Current version of schema `akraness`: 1674026758 
2023-02-25 12:50:13,008  INFO | main | org.flywaydb.core.internal.command.DbMigrate            | Schema `akraness` is up to date. No migration necessary. 
2023-02-25 12:50:13,205  INFO | main | org.hibernate.jpa.internal.util.LogHelper               | HHH000204: Processing PersistenceUnitInfo [name: default] 
2023-02-25 12:50:13,278  INFO | main | org.hibernate.Version                                   | HHH000412: Hibernate ORM core version 5.6.4.Final 
2023-02-25 12:50:13,488  INFO | main | org.hibernate.annotations.common.Version                | HCANN000001: Hibernate Commons Annotations {5.1.2.Final} 
2023-02-25 12:50:13,664  INFO | main | org.hibernate.dialect.Dialect                           | HHH000400: Using dialect: org.hibernate.dialect.MySQL8Dialect 
2023-02-25 12:50:14,400  INFO | main | o.h.e.t.jta.platform.internal.JtaPlatformInitiator      | HHH000490: Using JtaPlatform implementation: [org.hibernate.engine.transaction.jta.platform.internal.NoJtaPlatform] 
2023-02-25 12:50:14,410  INFO | main | o.s.orm.jpa.LocalContainerEntityManagerFactoryBean      | Initialized JPA EntityManagerFactory for persistence unit 'default' 
2023-02-25 12:50:15,076  WARN | main | o.s.b.a.o.jpa.JpaBaseConfiguration$JpaWebConfiguration  | spring.jpa.open-in-view is enabled by default. Therefore, database queries may be performed during view rendering. Explicitly configure spring.jpa.open-in-view to disable this warning 
2023-02-25 12:50:15,715  INFO | main | o.s.security.web.DefaultSecurityFilterChain             | Will secure any request with [org.springframework.security.web.context.request.async.WebAsyncManagerIntegrationFilter@2ee949d4, org.springframework.security.web.context.SecurityContextPersistenceFilter@46c5747f, org.springframework.security.web.header.HeaderWriterFilter@3448a248, org.springframework.security.web.authentication.logout.LogoutFilter@71739267, com.akraness.akranesswaitlist.security.JwtRequestFilter@3c98eaa9, org.springframework.security.web.savedrequest.RequestCacheAwareFilter@4fe91eed, org.springframework.security.web.servletapi.SecurityContextHolderAwareRequestFilter@377b7798, org.springframework.security.web.authentication.AnonymousAuthenticationFilter@57e9cd2, org.springframework.security.web.session.SessionManagementFilter@6d398b6c, org.springframework.security.web.access.ExceptionTranslationFilter@54d0d561, org.springframework.security.web.access.intercept.FilterSecurityInterceptor@3c0becae] 
2023-02-25 12:50:17,683  WARN | main | o.s.b.a.freemarker.FreeMarkerAutoConfiguration          | Cannot find template location(s): [classpath:/templates/] (please add some templates, check your FreeMarker configuration, or set spring.freemarker.checkTemplateLocation=false) 
2023-02-25 12:50:17,767  INFO | main | o.s.boot.actuate.endpoint.web.EndpointLinksResolver     | Exposing 1 endpoint(s) beneath base path '/actuator' 
2023-02-25 12:50:17,832  INFO | main | org.apache.coyote.http11.Http11NioProtocol              | Starting ProtocolHandler ["http-nio-8083"] 
2023-02-25 12:50:17,866  INFO | main | o.s.boot.web.embedded.tomcat.TomcatWebServer            | Tomcat started on port(s): 8083 (http) with context path '/user' 
2023-02-25 12:50:17,910  INFO | main | c.akraness.akranesswaitlist.AkranessWaitListApplication | Started AkranessWaitListApplication in 10.279 seconds (JVM running for 11.223) 
2023-02-25 12:50:59,072  INFO | http-nio-8083-exec-2 | o.a.c.core.ContainerBase.[Tomcat].[localhost].[/user]   | Initializing Spring DispatcherServlet 'dispatcherServlet' 
2023-02-25 12:50:59,073  INFO | http-nio-8083-exec-2 | org.springframework.web.servlet.DispatcherServlet       | Initializing Servlet 'dispatcherServlet' 
2023-02-25 12:50:59,078  INFO | http-nio-8083-exec-2 | org.springframework.web.servlet.DispatcherServlet       | Completed initialization in 5 ms 
2023-02-25 12:50:59,122  WARN | http-nio-8083-exec-2 | com.akraness.akranesswaitlist.security.JwtRequestFilter | JWT Token does not begin with Bearer String 
2023-02-25 12:51:02,650  INFO | http-nio-8083-exec-2 | c.a.akranesswaitlist.serviceimpl.NotificationService    | Payload received for recipient emmytoonaiz@gmail.com  and type is EMAIL  
2023-02-25 12:51:02,761  INFO | http-nio-8083-exec-2 | org.apache.kafka.clients.producer.ProducerConfig        | ProducerConfig values: 
	acks = -1
	batch.size = 16384
	bootstrap.servers = [localhost:9092]
	buffer.memory = 33554432
	client.dns.lookup = use_all_dns_ips
	client.id = producer-1
	compression.type = none
	connections.max.idle.ms = 540000
	delivery.timeout.ms = 120000
	enable.idempotence = true
	interceptor.classes = []
	key.serializer = class org.apache.kafka.common.serialization.StringSerializer
	linger.ms = 0
	max.block.ms = 60000
	max.in.flight.requests.per.connection = 5
	max.request.size = 1048576
	metadata.max.age.ms = 300000
	metadata.max.idle.ms = 300000
	metric.reporters = []
	metrics.num.samples = 2
	metrics.recording.level = INFO
	metrics.sample.window.ms = 30000
	partitioner.class = class org.apache.kafka.clients.producer.internals.DefaultPartitioner
	receive.buffer.bytes = 32768
	reconnect.backoff.max.ms = 1000
	reconnect.backoff.ms = 50
	request.timeout.ms = 30000
	retries = 2147483647
	retry.backoff.ms = 100
	sasl.client.callback.handler.class = null
	sasl.jaas.config = null
	sasl.kerberos.kinit.cmd = /usr/bin/kinit
	sasl.kerberos.min.time.before.relogin = 60000
	sasl.kerberos.service.name = null
	sasl.kerberos.ticket.renew.jitter = 0.05
	sasl.kerberos.ticket.renew.window.factor = 0.8
	sasl.login.callback.handler.class = null
	sasl.login.class = null
	sasl.login.refresh.buffer.seconds = 300
	sasl.login.refresh.min.period.seconds = 60
	sasl.login.refresh.window.factor = 0.8
	sasl.login.refresh.window.jitter = 0.05
	sasl.mechanism = GSSAPI
	security.protocol = PLAINTEXT
	security.providers = null
	send.buffer.bytes = 131072
	socket.connection.setup.timeout.max.ms = 30000
	socket.connection.setup.timeout.ms = 10000
	ssl.cipher.suites = null
	ssl.enabled.protocols = [TLSv1.2, TLSv1.3]
	ssl.endpoint.identification.algorithm = https
	ssl.engine.factory.class = null
	ssl.key.password = null
	ssl.keymanager.algorithm = SunX509
	ssl.keystore.certificate.chain = null
	ssl.keystore.key = null
	ssl.keystore.location = null
	ssl.keystore.password = null
	ssl.keystore.type = JKS
	ssl.protocol = TLSv1.3
	ssl.provider = null
	ssl.secure.random.implementation = null
	ssl.trustmanager.algorithm = PKIX
	ssl.truststore.certificates = null
	ssl.truststore.location = null
	ssl.truststore.password = null
	ssl.truststore.type = JKS
	transaction.timeout.ms = 60000
	transactional.id = null
	value.serializer = class org.apache.kafka.common.serialization.StringSerializer
 
2023-02-25 12:51:02,945  INFO | http-nio-8083-exec-2 | org.apache.kafka.common.utils.AppInfoParser             | Kafka version: 3.0.0 
2023-02-25 12:51:02,946  INFO | http-nio-8083-exec-2 | org.apache.kafka.common.utils.AppInfoParser             | Kafka commitId: 8cb0a5e9d3441962 
2023-02-25 12:51:02,946  INFO | http-nio-8083-exec-2 | org.apache.kafka.common.utils.AppInfoParser             | Kafka startTimeMs: 1677325862941 
2023-02-25 12:51:03,986  INFO | kafka-producer-network-thread | producer-1 | org.apache.kafka.clients.Metadata                       | [Producer clientId=producer-1] Cluster ID: d89rC4g8Thmgik-d9WZ1ng 
2023-02-25 12:51:04,027  INFO | http-nio-8083-exec-2 | c.a.akranesswaitlist.serviceimpl.NotificationService    | payload sent to queue for recipient emmytoonaiz@gmail.com  
2023-02-25 12:51:53,663  INFO | SpringApplicationShutdownHook | org.apache.kafka.clients.producer.KafkaProducer         | [Producer clientId=producer-1] Closing the Kafka producer with timeoutMillis = 30000 ms. 
2023-02-25 12:51:53,669  INFO | SpringApplicationShutdownHook | org.apache.kafka.common.metrics.Metrics                 | Metrics scheduler closed 
2023-02-25 12:51:53,670  INFO | SpringApplicationShutdownHook | org.apache.kafka.common.metrics.Metrics                 | Closing reporter org.apache.kafka.common.metrics.JmxReporter 
2023-02-25 12:51:53,670  INFO | SpringApplicationShutdownHook | org.apache.kafka.common.metrics.Metrics                 | Metrics reporters closed 
2023-02-25 12:51:53,671  INFO | SpringApplicationShutdownHook | org.apache.kafka.common.utils.AppInfoParser             | App info kafka.producer for producer-1 unregistered 
2023-02-25 12:51:53,674  INFO | SpringApplicationShutdownHook | o.s.orm.jpa.LocalContainerEntityManagerFactoryBean      | Closing JPA EntityManagerFactory for persistence unit 'default' 
2023-02-25 12:51:53,678  INFO | SpringApplicationShutdownHook | com.zaxxer.hikari.HikariDataSource                      | HikariPool-1 - Shutdown initiated... 
2023-02-25 12:51:53,695  INFO | SpringApplicationShutdownHook | com.zaxxer.hikari.HikariDataSource                      | HikariPool-1 - Shutdown completed. 
2023-02-25 12:52:37,066  INFO | background-preinit | org.hibernate.validator.internal.util.Version           | HV000001: Hibernate Validator 6.2.0.Final 
2023-02-25 12:52:37,074  INFO | main | c.akraness.akranesswaitlist.AkranessWaitListApplication | Starting AkranessWaitListApplication using Java 11.0.16.1 on DESKTOP-F3OLI6E with PID 24356 (C:\Users\Admin\Documents\Java Projects\Akranex-api-backend\akraness-wait-list\target\classes started by Admin in C:\Users\Admin\Documents\Java Projects\Akranex-api-backend\akraness-wait-list) 
2023-02-25 12:52:37,076  INFO | main | c.akraness.akranesswaitlist.AkranessWaitListApplication | No active profile set, falling back to default profiles: default 
2023-02-25 12:52:38,943  INFO | main | o.s.d.repository.config.RepositoryConfigurationDelegate | Multiple Spring Data modules found, entering strict repository configuration mode! 
2023-02-25 12:52:38,947  INFO | main | o.s.d.repository.config.RepositoryConfigurationDelegate | Bootstrapping Spring Data JPA repositories in DEFAULT mode. 
2023-02-25 12:52:39,166  INFO | main | o.s.d.repository.config.RepositoryConfigurationDelegate | Finished Spring Data repository scanning in 208 ms. Found 2 JPA repository interfaces. 
2023-02-25 12:52:39,186  INFO | main | o.s.d.repository.config.RepositoryConfigurationDelegate | Multiple Spring Data modules found, entering strict repository configuration mode! 
2023-02-25 12:52:39,188  INFO | main | o.s.d.repository.config.RepositoryConfigurationDelegate | Bootstrapping Spring Data Redis repositories in DEFAULT mode. 
2023-02-25 12:52:39,206  INFO | main | o.s.d.r.config.RepositoryConfigurationExtensionSupport  | Spring Data Redis - Could not safely identify store assignment for repository candidate interface com.akraness.akranesswaitlist.repository.IUserRepository. If you want this repository to be a Redis repository, consider annotating your entities with one of these annotations: org.springframework.data.redis.core.RedisHash (preferred), or consider extending one of the following types with your repository: org.springframework.data.keyvalue.repository.KeyValueRepository. 
2023-02-25 12:52:39,207  INFO | main | o.s.d.r.config.RepositoryConfigurationExtensionSupport  | Spring Data Redis - Could not safely identify store assignment for repository candidate interface com.akraness.akranesswaitlist.repository.IWaitList. If you want this repository to be a Redis repository, consider annotating your entities with one of these annotations: org.springframework.data.redis.core.RedisHash (preferred), or consider extending one of the following types with your repository: org.springframework.data.keyvalue.repository.KeyValueRepository. 
2023-02-25 12:52:39,207  INFO | main | o.s.d.repository.config.RepositoryConfigurationDelegate | Finished Spring Data repository scanning in 9 ms. Found 0 Redis repository interfaces. 
2023-02-25 12:52:40,528  INFO | main | o.s.boot.web.embedded.tomcat.TomcatWebServer            | Tomcat initialized with port(s): 8083 (http) 
2023-02-25 12:52:40,543  INFO | main | org.apache.coyote.http11.Http11NioProtocol              | Initializing ProtocolHandler ["http-nio-8083"] 
2023-02-25 12:52:40,543  INFO | main | org.apache.catalina.core.StandardService                | Starting service [Tomcat] 
2023-02-25 12:52:40,543  INFO | main | org.apache.catalina.core.StandardEngine                 | Starting Servlet engine: [Apache Tomcat/9.0.56] 
2023-02-25 12:52:40,724  INFO | main | o.a.c.core.ContainerBase.[Tomcat].[localhost].[/user]   | Initializing Spring embedded WebApplicationContext 
2023-02-25 12:52:40,724  INFO | main | o.s.b.w.s.context.ServletWebServerApplicationContext    | Root WebApplicationContext: initialization completed in 3564 ms 
2023-02-25 12:52:41,191  INFO | main | com.zaxxer.hikari.HikariDataSource                      | HikariPool-1 - Starting... 
2023-02-25 12:52:41,629  INFO | main | com.zaxxer.hikari.HikariDataSource                      | HikariPool-1 - Start completed. 
2023-02-25 12:52:41,689  INFO | main | org.flywaydb.core.internal.license.VersionPrinter       | Flyway Community Edition 8.0.5 by Redgate 
2023-02-25 12:52:41,690  INFO | main | o.flywaydb.core.internal.database.base.BaseDatabaseType | Database: jdbc:mysql://localhost:3306/akraness (MySQL 8.0) 
2023-02-25 12:52:41,790  INFO | main | org.flywaydb.core.internal.command.DbValidate           | Successfully validated 2 migrations (execution time 00:00.033s) 
2023-02-25 12:52:41,809  INFO | main | org.flywaydb.core.internal.command.DbMigrate            | Current version of schema `akraness`: 1674026758 
2023-02-25 12:52:41,811  INFO | main | org.flywaydb.core.internal.command.DbMigrate            | Schema `akraness` is up to date. No migration necessary. 
2023-02-25 12:52:41,941  INFO | main | org.hibernate.jpa.internal.util.LogHelper               | HHH000204: Processing PersistenceUnitInfo [name: default] 
2023-02-25 12:52:42,014  INFO | main | org.hibernate.Version                                   | HHH000412: Hibernate ORM core version 5.6.4.Final 
2023-02-25 12:52:42,222  INFO | main | org.hibernate.annotations.common.Version                | HCANN000001: Hibernate Commons Annotations {5.1.2.Final} 
2023-02-25 12:52:42,416  INFO | main | org.hibernate.dialect.Dialect                           | HHH000400: Using dialect: org.hibernate.dialect.MySQL8Dialect 
2023-02-25 12:52:43,247  INFO | main | o.h.e.t.jta.platform.internal.JtaPlatformInitiator      | HHH000490: Using JtaPlatform implementation: [org.hibernate.engine.transaction.jta.platform.internal.NoJtaPlatform] 
2023-02-25 12:52:43,260  INFO | main | o.s.orm.jpa.LocalContainerEntityManagerFactoryBean      | Initialized JPA EntityManagerFactory for persistence unit 'default' 
2023-02-25 12:52:43,908  WARN | main | o.s.b.a.o.jpa.JpaBaseConfiguration$JpaWebConfiguration  | spring.jpa.open-in-view is enabled by default. Therefore, database queries may be performed during view rendering. Explicitly configure spring.jpa.open-in-view to disable this warning 
2023-02-25 12:52:44,627  INFO | main | o.s.security.web.DefaultSecurityFilterChain             | Will secure any request with [org.springframework.security.web.context.request.async.WebAsyncManagerIntegrationFilter@2b57dc2, org.springframework.security.web.context.SecurityContextPersistenceFilter@54d0d561, org.springframework.security.web.header.HeaderWriterFilter@26864891, org.springframework.security.web.authentication.logout.LogoutFilter@23c24c0e, com.akraness.akranesswaitlist.security.JwtRequestFilter@f047670, org.springframework.security.web.savedrequest.RequestCacheAwareFilter@3448a248, org.springframework.security.web.servletapi.SecurityContextHolderAwareRequestFilter@7c52df60, org.springframework.security.web.authentication.AnonymousAuthenticationFilter@75c36570, org.springframework.security.web.session.SessionManagementFilter@6f526f91, org.springframework.security.web.access.ExceptionTranslationFilter@46e32574, org.springframework.security.web.access.intercept.FilterSecurityInterceptor@62b3871] 
2023-02-25 12:52:46,450  WARN | main | o.s.b.a.freemarker.FreeMarkerAutoConfiguration          | Cannot find template location(s): [classpath:/templates/] (please add some templates, check your FreeMarker configuration, or set spring.freemarker.checkTemplateLocation=false) 
2023-02-25 12:52:46,522  INFO | main | o.s.boot.actuate.endpoint.web.EndpointLinksResolver     | Exposing 1 endpoint(s) beneath base path '/actuator' 
2023-02-25 12:52:46,571  INFO | main | org.apache.coyote.http11.Http11NioProtocol              | Starting ProtocolHandler ["http-nio-8083"] 
2023-02-25 12:52:46,620  INFO | main | o.s.boot.web.embedded.tomcat.TomcatWebServer            | Tomcat started on port(s): 8083 (http) with context path '/user' 
2023-02-25 12:52:46,653  INFO | main | c.akraness.akranesswaitlist.AkranessWaitListApplication | Started AkranessWaitListApplication in 10.213 seconds (JVM running for 11.223) 
2023-02-25 12:52:59,882  INFO | http-nio-8083-exec-1 | o.a.c.core.ContainerBase.[Tomcat].[localhost].[/user]   | Initializing Spring DispatcherServlet 'dispatcherServlet' 
2023-02-25 12:52:59,883  INFO | http-nio-8083-exec-1 | org.springframework.web.servlet.DispatcherServlet       | Initializing Servlet 'dispatcherServlet' 
2023-02-25 12:52:59,886  INFO | http-nio-8083-exec-1 | org.springframework.web.servlet.DispatcherServlet       | Completed initialization in 3 ms 
2023-02-25 12:52:59,917  WARN | http-nio-8083-exec-1 | com.akraness.akranesswaitlist.security.JwtRequestFilter | JWT Token does not begin with Bearer String 
2023-02-25 12:53:03,626  INFO | http-nio-8083-exec-1 | c.a.akranesswaitlist.serviceimpl.NotificationService    | Payload received for recipient emmytoonaiz@gmail.com  and type is EMAIL  
2023-02-25 12:53:03,721  INFO | http-nio-8083-exec-1 | org.apache.kafka.clients.producer.ProducerConfig        | ProducerConfig values: 
	acks = -1
	batch.size = 16384
	bootstrap.servers = [localhost:9092]
	buffer.memory = 33554432
	client.dns.lookup = use_all_dns_ips
	client.id = producer-1
	compression.type = none
	connections.max.idle.ms = 540000
	delivery.timeout.ms = 120000
	enable.idempotence = true
	interceptor.classes = []
	key.serializer = class org.apache.kafka.common.serialization.StringSerializer
	linger.ms = 0
	max.block.ms = 60000
	max.in.flight.requests.per.connection = 5
	max.request.size = 1048576
	metadata.max.age.ms = 300000
	metadata.max.idle.ms = 300000
	metric.reporters = []
	metrics.num.samples = 2
	metrics.recording.level = INFO
	metrics.sample.window.ms = 30000
	partitioner.class = class org.apache.kafka.clients.producer.internals.DefaultPartitioner
	receive.buffer.bytes = 32768
	reconnect.backoff.max.ms = 1000
	reconnect.backoff.ms = 50
	request.timeout.ms = 30000
	retries = 2147483647
	retry.backoff.ms = 100
	sasl.client.callback.handler.class = null
	sasl.jaas.config = null
	sasl.kerberos.kinit.cmd = /usr/bin/kinit
	sasl.kerberos.min.time.before.relogin = 60000
	sasl.kerberos.service.name = null
	sasl.kerberos.ticket.renew.jitter = 0.05
	sasl.kerberos.ticket.renew.window.factor = 0.8
	sasl.login.callback.handler.class = null
	sasl.login.class = null
	sasl.login.refresh.buffer.seconds = 300
	sasl.login.refresh.min.period.seconds = 60
	sasl.login.refresh.window.factor = 0.8
	sasl.login.refresh.window.jitter = 0.05
	sasl.mechanism = GSSAPI
	security.protocol = PLAINTEXT
	security.providers = null
	send.buffer.bytes = 131072
	socket.connection.setup.timeout.max.ms = 30000
	socket.connection.setup.timeout.ms = 10000
	ssl.cipher.suites = null
	ssl.enabled.protocols = [TLSv1.2, TLSv1.3]
	ssl.endpoint.identification.algorithm = https
	ssl.engine.factory.class = null
	ssl.key.password = null
	ssl.keymanager.algorithm = SunX509
	ssl.keystore.certificate.chain = null
	ssl.keystore.key = null
	ssl.keystore.location = null
	ssl.keystore.password = null
	ssl.keystore.type = JKS
	ssl.protocol = TLSv1.3
	ssl.provider = null
	ssl.secure.random.implementation = null
	ssl.trustmanager.algorithm = PKIX
	ssl.truststore.certificates = null
	ssl.truststore.location = null
	ssl.truststore.password = null
	ssl.truststore.type = JKS
	transaction.timeout.ms = 60000
	transactional.id = null
	value.serializer = class org.apache.kafka.common.serialization.StringSerializer
 
2023-02-25 12:53:03,933  INFO | http-nio-8083-exec-1 | org.apache.kafka.common.utils.AppInfoParser             | Kafka version: 3.0.0 
2023-02-25 12:53:03,935  INFO | http-nio-8083-exec-1 | org.apache.kafka.common.utils.AppInfoParser             | Kafka commitId: 8cb0a5e9d3441962 
2023-02-25 12:53:03,937  INFO | http-nio-8083-exec-1 | org.apache.kafka.common.utils.AppInfoParser             | Kafka startTimeMs: 1677325983925 
2023-02-25 12:53:04,924  INFO | kafka-producer-network-thread | producer-1 | org.apache.kafka.clients.Metadata                       | [Producer clientId=producer-1] Cluster ID: d89rC4g8Thmgik-d9WZ1ng 
2023-02-25 12:53:04,966  INFO | http-nio-8083-exec-1 | c.a.akranesswaitlist.serviceimpl.NotificationService    | payload sent to queue for recipient emmytoonaiz@gmail.com  
2023-02-25 12:53:59,590  WARN | http-nio-8083-exec-3 | com.akraness.akranesswaitlist.security.JwtRequestFilter | JWT Token does not begin with Bearer String 
2023-02-25 12:53:59,665  INFO | http-nio-8083-exec-3 | com.akraness.akranesswaitlist.serviceimpl.Service       | new validity object is: {"email":"emmytoonaiz@gmail.com","code":"254742","verified":true}  
2023-02-25 12:54:10,994  WARN | http-nio-8083-exec-4 | com.akraness.akranesswaitlist.security.JwtRequestFilter | JWT Token does not begin with Bearer String 
2023-02-25 12:54:11,588  INFO | http-nio-8083-exec-4 | com.akraness.akranesswaitlist.serviceimpl.Service       | Successfully deleted user email emmytoonaiz@gmail.com from redis store. 
2023-02-25 12:54:11,589  INFO | http-nio-8083-exec-4 | c.a.akranesswaitlist.serviceimpl.NotificationService    | Payload received for recipient emmytoonaiz@gmail.com  and type is EMAIL  
2023-02-25 12:54:11,593  INFO | http-nio-8083-exec-4 | c.a.akranesswaitlist.serviceimpl.NotificationService    | payload sent to queue for recipient emmytoonaiz@gmail.com  
2023-02-25 12:54:59,375  WARN | http-nio-8083-exec-5 | com.akraness.akranesswaitlist.security.JwtRequestFilter | JWT Token does not begin with Bearer String 
2023-02-25 12:59:56,921  INFO | SpringApplicationShutdownHook | org.apache.kafka.clients.producer.KafkaProducer         | [Producer clientId=producer-1] Closing the Kafka producer with timeoutMillis = 30000 ms. 
2023-02-25 12:59:56,943  INFO | SpringApplicationShutdownHook | org.apache.kafka.common.metrics.Metrics                 | Metrics scheduler closed 
2023-02-25 12:59:56,943  INFO | SpringApplicationShutdownHook | org.apache.kafka.common.metrics.Metrics                 | Closing reporter org.apache.kafka.common.metrics.JmxReporter 
2023-02-25 12:59:56,944  INFO | SpringApplicationShutdownHook | org.apache.kafka.common.metrics.Metrics                 | Metrics reporters closed 
2023-02-25 12:59:56,945  INFO | SpringApplicationShutdownHook | org.apache.kafka.common.utils.AppInfoParser             | App info kafka.producer for producer-1 unregistered 
2023-02-25 12:59:56,950  INFO | SpringApplicationShutdownHook | o.s.orm.jpa.LocalContainerEntityManagerFactoryBean      | Closing JPA EntityManagerFactory for persistence unit 'default' 
2023-02-25 12:59:56,955  INFO | SpringApplicationShutdownHook | com.zaxxer.hikari.HikariDataSource                      | HikariPool-1 - Shutdown initiated... 
2023-02-25 12:59:56,980  INFO | SpringApplicationShutdownHook | com.zaxxer.hikari.HikariDataSource                      | HikariPool-1 - Shutdown completed. 
2023-02-25 13:10:43,671  INFO | background-preinit | org.hibernate.validator.internal.util.Version           | HV000001: Hibernate Validator 6.2.0.Final 
2023-02-25 13:10:43,680  INFO | main | c.akraness.akranesswaitlist.AkranessWaitListApplication | Starting AkranessWaitListApplication using Java 11.0.16.1 on DESKTOP-F3OLI6E with PID 29312 (C:\Users\Admin\Documents\Java Projects\Akranex-api-backend\akraness-wait-list\target\classes started by Admin in C:\Users\Admin\Documents\Java Projects\Akranex-api-backend\akraness-wait-list) 
2023-02-25 13:10:43,681  INFO | main | c.akraness.akranesswaitlist.AkranessWaitListApplication | No active profile set, falling back to default profiles: default 
2023-02-25 13:10:45,611  INFO | main | o.s.d.repository.config.RepositoryConfigurationDelegate | Multiple Spring Data modules found, entering strict repository configuration mode! 
2023-02-25 13:10:45,615  INFO | main | o.s.d.repository.config.RepositoryConfigurationDelegate | Bootstrapping Spring Data JPA repositories in DEFAULT mode. 
2023-02-25 13:10:45,937  INFO | main | o.s.d.repository.config.RepositoryConfigurationDelegate | Finished Spring Data repository scanning in 306 ms. Found 2 JPA repository interfaces. 
2023-02-25 13:10:45,966  INFO | main | o.s.d.repository.config.RepositoryConfigurationDelegate | Multiple Spring Data modules found, entering strict repository configuration mode! 
2023-02-25 13:10:45,967  INFO | main | o.s.d.repository.config.RepositoryConfigurationDelegate | Bootstrapping Spring Data Redis repositories in DEFAULT mode. 
2023-02-25 13:10:45,998  INFO | main | o.s.d.r.config.RepositoryConfigurationExtensionSupport  | Spring Data Redis - Could not safely identify store assignment for repository candidate interface com.akraness.akranesswaitlist.repository.IUserRepository. If you want this repository to be a Redis repository, consider annotating your entities with one of these annotations: org.springframework.data.redis.core.RedisHash (preferred), or consider extending one of the following types with your repository: org.springframework.data.keyvalue.repository.KeyValueRepository. 
2023-02-25 13:10:45,999  INFO | main | o.s.d.r.config.RepositoryConfigurationExtensionSupport  | Spring Data Redis - Could not safely identify store assignment for repository candidate interface com.akraness.akranesswaitlist.repository.IWaitList. If you want this repository to be a Redis repository, consider annotating your entities with one of these annotations: org.springframework.data.redis.core.RedisHash (preferred), or consider extending one of the following types with your repository: org.springframework.data.keyvalue.repository.KeyValueRepository. 
2023-02-25 13:10:46,000  INFO | main | o.s.d.repository.config.RepositoryConfigurationDelegate | Finished Spring Data repository scanning in 15 ms. Found 0 Redis repository interfaces. 
2023-02-25 13:10:47,558  INFO | main | o.s.boot.web.embedded.tomcat.TomcatWebServer            | Tomcat initialized with port(s): 8083 (http) 
2023-02-25 13:10:47,570  INFO | main | org.apache.coyote.http11.Http11NioProtocol              | Initializing ProtocolHandler ["http-nio-8083"] 
2023-02-25 13:10:47,570  INFO | main | org.apache.catalina.core.StandardService                | Starting service [Tomcat] 
2023-02-25 13:10:47,570  INFO | main | org.apache.catalina.core.StandardEngine                 | Starting Servlet engine: [Apache Tomcat/9.0.56] 
2023-02-25 13:10:47,799  INFO | main | o.a.c.core.ContainerBase.[Tomcat].[localhost].[/user]   | Initializing Spring embedded WebApplicationContext 
2023-02-25 13:10:47,800  INFO | main | o.s.b.w.s.context.ServletWebServerApplicationContext    | Root WebApplicationContext: initialization completed in 4043 ms 
2023-02-25 13:10:48,356  INFO | main | com.zaxxer.hikari.HikariDataSource                      | HikariPool-1 - Starting... 
2023-02-25 13:10:48,887  INFO | main | com.zaxxer.hikari.HikariDataSource                      | HikariPool-1 - Start completed. 
2023-02-25 13:10:48,940  INFO | main | org.flywaydb.core.internal.license.VersionPrinter       | Flyway Community Edition 8.0.5 by Redgate 
2023-02-25 13:10:48,941  INFO | main | o.flywaydb.core.internal.database.base.BaseDatabaseType | Database: jdbc:mysql://localhost:3306/akraness (MySQL 8.0) 
2023-02-25 13:10:49,034  INFO | main | org.flywaydb.core.internal.command.DbValidate           | Successfully validated 2 migrations (execution time 00:00.044s) 
2023-02-25 13:10:49,052  INFO | main | org.flywaydb.core.internal.command.DbMigrate            | Current version of schema `akraness`: 1674026758 
2023-02-25 13:10:49,054  INFO | main | org.flywaydb.core.internal.command.DbMigrate            | Schema `akraness` is up to date. No migration necessary. 
2023-02-25 13:10:49,230  INFO | main | org.hibernate.jpa.internal.util.LogHelper               | HHH000204: Processing PersistenceUnitInfo [name: default] 
2023-02-25 13:10:49,320  INFO | main | org.hibernate.Version                                   | HHH000412: Hibernate ORM core version 5.6.4.Final 
2023-02-25 13:10:49,783  INFO | main | org.hibernate.annotations.common.Version                | HCANN000001: Hibernate Commons Annotations {5.1.2.Final} 
2023-02-25 13:10:50,158  INFO | main | org.hibernate.dialect.Dialect                           | HHH000400: Using dialect: org.hibernate.dialect.MySQL8Dialect 
2023-02-25 13:10:52,061  INFO | main | o.h.e.t.jta.platform.internal.JtaPlatformInitiator      | HHH000490: Using JtaPlatform implementation: [org.hibernate.engine.transaction.jta.platform.internal.NoJtaPlatform] 
2023-02-25 13:10:52,089  INFO | main | o.s.orm.jpa.LocalContainerEntityManagerFactoryBean      | Initialized JPA EntityManagerFactory for persistence unit 'default' 
2023-02-25 13:10:53,492  WARN | main | o.s.b.a.o.jpa.JpaBaseConfiguration$JpaWebConfiguration  | spring.jpa.open-in-view is enabled by default. Therefore, database queries may be performed during view rendering. Explicitly configure spring.jpa.open-in-view to disable this warning 
2023-02-25 13:10:54,633  INFO | main | o.s.security.web.DefaultSecurityFilterChain             | Will secure any request with [org.springframework.security.web.context.request.async.WebAsyncManagerIntegrationFilter@2b57dc2, org.springframework.security.web.context.SecurityContextPersistenceFilter@54d0d561, org.springframework.security.web.header.HeaderWriterFilter@26864891, org.springframework.security.web.authentication.logout.LogoutFilter@23c24c0e, com.akraness.akranesswaitlist.security.JwtRequestFilter@8dd0c70, org.springframework.security.web.savedrequest.RequestCacheAwareFilter@3448a248, org.springframework.security.web.servletapi.SecurityContextHolderAwareRequestFilter@7c52df60, org.springframework.security.web.authentication.AnonymousAuthenticationFilter@75c36570, org.springframework.security.web.session.SessionManagementFilter@6f526f91, org.springframework.security.web.access.ExceptionTranslationFilter@46e32574, org.springframework.security.web.access.intercept.FilterSecurityInterceptor@62b3871] 
2023-02-25 13:10:56,990  WARN | main | o.s.b.a.freemarker.FreeMarkerAutoConfiguration          | Cannot find template location(s): [classpath:/templates/] (please add some templates, check your FreeMarker configuration, or set spring.freemarker.checkTemplateLocation=false) 
2023-02-25 13:10:57,067  INFO | main | o.s.boot.actuate.endpoint.web.EndpointLinksResolver     | Exposing 1 endpoint(s) beneath base path '/actuator' 
2023-02-25 13:10:57,122  INFO | main | org.apache.coyote.http11.Http11NioProtocol              | Starting ProtocolHandler ["http-nio-8083"] 
2023-02-25 13:10:57,150  INFO | main | o.s.boot.web.embedded.tomcat.TomcatWebServer            | Tomcat started on port(s): 8083 (http) with context path '/user' 
2023-02-25 13:10:57,180  INFO | main | c.akraness.akranesswaitlist.AkranessWaitListApplication | Started AkranessWaitListApplication in 14.165 seconds (JVM running for 15.84) 
2023-02-25 13:11:20,145  INFO | http-nio-8083-exec-1 | o.a.c.core.ContainerBase.[Tomcat].[localhost].[/user]   | Initializing Spring DispatcherServlet 'dispatcherServlet' 
2023-02-25 13:11:20,146  INFO | http-nio-8083-exec-1 | org.springframework.web.servlet.DispatcherServlet       | Initializing Servlet 'dispatcherServlet' 
2023-02-25 13:11:20,147  INFO | http-nio-8083-exec-1 | org.springframework.web.servlet.DispatcherServlet       | Completed initialization in 1 ms 
2023-02-25 13:11:20,166  WARN | http-nio-8083-exec-1 | com.akraness.akranesswaitlist.security.JwtRequestFilter | JWT Token does not begin with Bearer String 
2023-02-25 13:11:55,422  INFO | SpringApplicationShutdownHook | o.s.orm.jpa.LocalContainerEntityManagerFactoryBean      | Closing JPA EntityManagerFactory for persistence unit 'default' 
2023-02-25 13:11:55,424  INFO | SpringApplicationShutdownHook | com.zaxxer.hikari.HikariDataSource                      | HikariPool-1 - Shutdown initiated... 
2023-02-25 13:11:55,443  INFO | SpringApplicationShutdownHook | com.zaxxer.hikari.HikariDataSource                      | HikariPool-1 - Shutdown completed. 
2023-02-25 13:12:20,417  INFO | background-preinit | org.hibernate.validator.internal.util.Version           | HV000001: Hibernate Validator 6.2.0.Final 
2023-02-25 13:12:20,427  INFO | main | c.akraness.akranesswaitlist.AkranessWaitListApplication | Starting AkranessWaitListApplication using Java 11.0.16.1 on DESKTOP-F3OLI6E with PID 5728 (C:\Users\Admin\Documents\Java Projects\Akranex-api-backend\akraness-wait-list\target\classes started by Admin in C:\Users\Admin\Documents\Java Projects\Akranex-api-backend\akraness-wait-list) 
2023-02-25 13:12:20,429  INFO | main | c.akraness.akranesswaitlist.AkranessWaitListApplication | No active profile set, falling back to default profiles: default 
2023-02-25 13:12:22,081  INFO | main | o.s.d.repository.config.RepositoryConfigurationDelegate | Multiple Spring Data modules found, entering strict repository configuration mode! 
2023-02-25 13:12:22,085  INFO | main | o.s.d.repository.config.RepositoryConfigurationDelegate | Bootstrapping Spring Data JPA repositories in DEFAULT mode. 
2023-02-25 13:12:22,314  INFO | main | o.s.d.repository.config.RepositoryConfigurationDelegate | Finished Spring Data repository scanning in 216 ms. Found 2 JPA repository interfaces. 
2023-02-25 13:12:22,336  INFO | main | o.s.d.repository.config.RepositoryConfigurationDelegate | Multiple Spring Data modules found, entering strict repository configuration mode! 
2023-02-25 13:12:22,338  INFO | main | o.s.d.repository.config.RepositoryConfigurationDelegate | Bootstrapping Spring Data Redis repositories in DEFAULT mode. 
2023-02-25 13:12:22,358  INFO | main | o.s.d.r.config.RepositoryConfigurationExtensionSupport  | Spring Data Redis - Could not safely identify store assignment for repository candidate interface com.akraness.akranesswaitlist.repository.IUserRepository. If you want this repository to be a Redis repository, consider annotating your entities with one of these annotations: org.springframework.data.redis.core.RedisHash (preferred), or consider extending one of the following types with your repository: org.springframework.data.keyvalue.repository.KeyValueRepository. 
2023-02-25 13:12:22,359  INFO | main | o.s.d.r.config.RepositoryConfigurationExtensionSupport  | Spring Data Redis - Could not safely identify store assignment for repository candidate interface com.akraness.akranesswaitlist.repository.IWaitList. If you want this repository to be a Redis repository, consider annotating your entities with one of these annotations: org.springframework.data.redis.core.RedisHash (preferred), or consider extending one of the following types with your repository: org.springframework.data.keyvalue.repository.KeyValueRepository. 
2023-02-25 13:12:22,359  INFO | main | o.s.d.repository.config.RepositoryConfigurationDelegate | Finished Spring Data repository scanning in 9 ms. Found 0 Redis repository interfaces. 
2023-02-25 13:12:23,661  INFO | main | o.s.boot.web.embedded.tomcat.TomcatWebServer            | Tomcat initialized with port(s): 8083 (http) 
2023-02-25 13:12:23,674  INFO | main | org.apache.coyote.http11.Http11NioProtocol              | Initializing ProtocolHandler ["http-nio-8083"] 
2023-02-25 13:12:23,674  INFO | main | org.apache.catalina.core.StandardService                | Starting service [Tomcat] 
2023-02-25 13:12:23,674  INFO | main | org.apache.catalina.core.StandardEngine                 | Starting Servlet engine: [Apache Tomcat/9.0.56] 
2023-02-25 13:12:23,851  INFO | main | o.a.c.core.ContainerBase.[Tomcat].[localhost].[/user]   | Initializing Spring embedded WebApplicationContext 
2023-02-25 13:12:23,852  INFO | main | o.s.b.w.s.context.ServletWebServerApplicationContext    | Root WebApplicationContext: initialization completed in 3348 ms 
2023-02-25 13:12:24,341  INFO | main | com.zaxxer.hikari.HikariDataSource                      | HikariPool-1 - Starting... 
2023-02-25 13:12:24,785  INFO | main | com.zaxxer.hikari.HikariDataSource                      | HikariPool-1 - Start completed. 
2023-02-25 13:12:24,843  INFO | main | org.flywaydb.core.internal.license.VersionPrinter       | Flyway Community Edition 8.0.5 by Redgate 
2023-02-25 13:12:24,844  INFO | main | o.flywaydb.core.internal.database.base.BaseDatabaseType | Database: jdbc:mysql://localhost:3306/akraness (MySQL 8.0) 
2023-02-25 13:12:24,966  INFO | main | org.flywaydb.core.internal.command.DbValidate           | Successfully validated 2 migrations (execution time 00:00.040s) 
2023-02-25 13:12:24,987  INFO | main | org.flywaydb.core.internal.command.DbMigrate            | Current version of schema `akraness`: 1674026758 
2023-02-25 13:12:24,988  INFO | main | org.flywaydb.core.internal.command.DbMigrate            | Schema `akraness` is up to date. No migration necessary. 
2023-02-25 13:12:25,123  INFO | main | org.hibernate.jpa.internal.util.LogHelper               | HHH000204: Processing PersistenceUnitInfo [name: default] 
2023-02-25 13:12:25,202  INFO | main | org.hibernate.Version                                   | HHH000412: Hibernate ORM core version 5.6.4.Final 
2023-02-25 13:12:25,416  INFO | main | org.hibernate.annotations.common.Version                | HCANN000001: Hibernate Commons Annotations {5.1.2.Final} 
2023-02-25 13:12:25,588  INFO | main | org.hibernate.dialect.Dialect                           | HHH000400: Using dialect: org.hibernate.dialect.MySQL8Dialect 
2023-02-25 13:12:26,456  INFO | main | o.h.e.t.jta.platform.internal.JtaPlatformInitiator      | HHH000490: Using JtaPlatform implementation: [org.hibernate.engine.transaction.jta.platform.internal.NoJtaPlatform] 
2023-02-25 13:12:26,467  INFO | main | o.s.orm.jpa.LocalContainerEntityManagerFactoryBean      | Initialized JPA EntityManagerFactory for persistence unit 'default' 
2023-02-25 13:12:27,124  WARN | main | o.s.b.a.o.jpa.JpaBaseConfiguration$JpaWebConfiguration  | spring.jpa.open-in-view is enabled by default. Therefore, database queries may be performed during view rendering. Explicitly configure spring.jpa.open-in-view to disable this warning 
2023-02-25 13:12:27,857  INFO | main | o.s.security.web.DefaultSecurityFilterChain             | Will secure any request with [org.springframework.security.web.context.request.async.WebAsyncManagerIntegrationFilter@7b3d3d3d, org.springframework.security.web.context.SecurityContextPersistenceFilter@6f526f91, org.springframework.security.web.header.HeaderWriterFilter@46e32574, org.springframework.security.web.authentication.logout.LogoutFilter@747b8f5c, com.akraness.akranesswaitlist.security.JwtRequestFilter@8dd0c70, org.springframework.security.web.savedrequest.RequestCacheAwareFilter@54d0d561, org.springframework.security.web.servletapi.SecurityContextHolderAwareRequestFilter@41413c5a, org.springframework.security.web.authentication.AnonymousAuthenticationFilter@1eff74f2, org.springframework.security.web.session.SessionManagementFilter@162c89ac, org.springframework.security.web.access.ExceptionTranslationFilter@7f289126, org.springframework.security.web.access.intercept.FilterSecurityInterceptor@e10809f] 
2023-02-25 13:12:29,809  WARN | main | o.s.b.a.freemarker.FreeMarkerAutoConfiguration          | Cannot find template location(s): [classpath:/templates/] (please add some templates, check your FreeMarker configuration, or set spring.freemarker.checkTemplateLocation=false) 
2023-02-25 13:12:29,884  INFO | main | o.s.boot.actuate.endpoint.web.EndpointLinksResolver     | Exposing 1 endpoint(s) beneath base path '/actuator' 
2023-02-25 13:12:29,946  INFO | main | org.apache.coyote.http11.Http11NioProtocol              | Starting ProtocolHandler ["http-nio-8083"] 
2023-02-25 13:12:29,972  INFO | main | o.s.boot.web.embedded.tomcat.TomcatWebServer            | Tomcat started on port(s): 8083 (http) with context path '/user' 
2023-02-25 13:12:30,001  INFO | main | c.akraness.akranesswaitlist.AkranessWaitListApplication | Started AkranessWaitListApplication in 10.172 seconds (JVM running for 11.145) 
2023-02-25 13:12:36,074  INFO | http-nio-8083-exec-2 | o.a.c.core.ContainerBase.[Tomcat].[localhost].[/user]   | Initializing Spring DispatcherServlet 'dispatcherServlet' 
2023-02-25 13:12:36,075  INFO | http-nio-8083-exec-2 | org.springframework.web.servlet.DispatcherServlet       | Initializing Servlet 'dispatcherServlet' 
2023-02-25 13:12:36,079  INFO | http-nio-8083-exec-2 | org.springframework.web.servlet.DispatcherServlet       | Completed initialization in 3 ms 
2023-02-25 13:12:36,123  WARN | http-nio-8083-exec-2 | com.akraness.akranesswaitlist.security.JwtRequestFilter | JWT Token does not begin with Bearer String 
2023-02-25 13:13:14,575  WARN | http-nio-8083-exec-3 | com.akraness.akranesswaitlist.security.JwtRequestFilter | JWT Token does not begin with Bearer String 
2023-02-25 13:14:12,223  INFO | SpringApplicationShutdownHook | o.s.orm.jpa.LocalContainerEntityManagerFactoryBean      | Closing JPA EntityManagerFactory for persistence unit 'default' 
2023-02-25 13:14:12,226  INFO | SpringApplicationShutdownHook | com.zaxxer.hikari.HikariDataSource                      | HikariPool-1 - Shutdown initiated... 
2023-02-25 13:14:12,243  INFO | SpringApplicationShutdownHook | com.zaxxer.hikari.HikariDataSource                      | HikariPool-1 - Shutdown completed. 
2023-02-25 13:14:21,439  INFO | background-preinit | org.hibernate.validator.internal.util.Version           | HV000001: Hibernate Validator 6.2.0.Final 
2023-02-25 13:14:21,449  INFO | main | c.akraness.akranesswaitlist.AkranessWaitListApplication | Starting AkranessWaitListApplication using Java 11.0.16.1 on DESKTOP-F3OLI6E with PID 20704 (C:\Users\Admin\Documents\Java Projects\Akranex-api-backend\akraness-wait-list\target\classes started by Admin in C:\Users\Admin\Documents\Java Projects\Akranex-api-backend\akraness-wait-list) 
2023-02-25 13:14:21,451  INFO | main | c.akraness.akranesswaitlist.AkranessWaitListApplication | No active profile set, falling back to default profiles: default 
2023-02-25 13:14:23,207  INFO | main | o.s.d.repository.config.RepositoryConfigurationDelegate | Multiple Spring Data modules found, entering strict repository configuration mode! 
2023-02-25 13:14:23,211  INFO | main | o.s.d.repository.config.RepositoryConfigurationDelegate | Bootstrapping Spring Data JPA repositories in DEFAULT mode. 
2023-02-25 13:14:23,456  INFO | main | o.s.d.repository.config.RepositoryConfigurationDelegate | Finished Spring Data repository scanning in 233 ms. Found 2 JPA repository interfaces. 
2023-02-25 13:14:23,477  INFO | main | o.s.d.repository.config.RepositoryConfigurationDelegate | Multiple Spring Data modules found, entering strict repository configuration mode! 
2023-02-25 13:14:23,479  INFO | main | o.s.d.repository.config.RepositoryConfigurationDelegate | Bootstrapping Spring Data Redis repositories in DEFAULT mode. 
2023-02-25 13:14:23,504  INFO | main | o.s.d.r.config.RepositoryConfigurationExtensionSupport  | Spring Data Redis - Could not safely identify store assignment for repository candidate interface com.akraness.akranesswaitlist.repository.IUserRepository. If you want this repository to be a Redis repository, consider annotating your entities with one of these annotations: org.springframework.data.redis.core.RedisHash (preferred), or consider extending one of the following types with your repository: org.springframework.data.keyvalue.repository.KeyValueRepository. 
2023-02-25 13:14:23,505  INFO | main | o.s.d.r.config.RepositoryConfigurationExtensionSupport  | Spring Data Redis - Could not safely identify store assignment for repository candidate interface com.akraness.akranesswaitlist.repository.IWaitList. If you want this repository to be a Redis repository, consider annotating your entities with one of these annotations: org.springframework.data.redis.core.RedisHash (preferred), or consider extending one of the following types with your repository: org.springframework.data.keyvalue.repository.KeyValueRepository. 
2023-02-25 13:14:23,506  INFO | main | o.s.d.repository.config.RepositoryConfigurationDelegate | Finished Spring Data repository scanning in 13 ms. Found 0 Redis repository interfaces. 
2023-02-25 13:14:24,914  INFO | main | o.s.boot.web.embedded.tomcat.TomcatWebServer            | Tomcat initialized with port(s): 8083 (http) 
2023-02-25 13:14:24,929  INFO | main | org.apache.coyote.http11.Http11NioProtocol              | Initializing ProtocolHandler ["http-nio-8083"] 
2023-02-25 13:14:24,930  INFO | main | org.apache.catalina.core.StandardService                | Starting service [Tomcat] 
2023-02-25 13:14:24,931  INFO | main | org.apache.catalina.core.StandardEngine                 | Starting Servlet engine: [Apache Tomcat/9.0.56] 
2023-02-25 13:14:25,150  INFO | main | o.a.c.core.ContainerBase.[Tomcat].[localhost].[/user]   | Initializing Spring embedded WebApplicationContext 
2023-02-25 13:14:25,150  INFO | main | o.s.b.w.s.context.ServletWebServerApplicationContext    | Root WebApplicationContext: initialization completed in 3607 ms 
2023-02-25 13:14:25,612  INFO | main | com.zaxxer.hikari.HikariDataSource                      | HikariPool-1 - Starting... 
2023-02-25 13:14:26,116  INFO | main | com.zaxxer.hikari.HikariDataSource                      | HikariPool-1 - Start completed. 
2023-02-25 13:14:26,184  INFO | main | org.flywaydb.core.internal.license.VersionPrinter       | Flyway Community Edition 8.0.5 by Redgate 
2023-02-25 13:14:26,186  INFO | main | o.flywaydb.core.internal.database.base.BaseDatabaseType | Database: jdbc:mysql://localhost:3306/akraness (MySQL 8.0) 
2023-02-25 13:14:26,264  INFO | main | org.flywaydb.core.internal.command.DbValidate           | Successfully validated 2 migrations (execution time 00:00.039s) 
2023-02-25 13:14:26,282  INFO | main | org.flywaydb.core.internal.command.DbMigrate            | Current version of schema `akraness`: 1674026758 
2023-02-25 13:14:26,283  INFO | main | org.flywaydb.core.internal.command.DbMigrate            | Schema `akraness` is up to date. No migration necessary. 
2023-02-25 13:14:26,451  INFO | main | org.hibernate.jpa.internal.util.LogHelper               | HHH000204: Processing PersistenceUnitInfo [name: default] 
2023-02-25 13:14:26,525  INFO | main | org.hibernate.Version                                   | HHH000412: Hibernate ORM core version 5.6.4.Final 
2023-02-25 13:14:26,726  INFO | main | org.hibernate.annotations.common.Version                | HCANN000001: Hibernate Commons Annotations {5.1.2.Final} 
2023-02-25 13:14:26,919  INFO | main | org.hibernate.dialect.Dialect                           | HHH000400: Using dialect: org.hibernate.dialect.MySQL8Dialect 
2023-02-25 13:14:27,737  INFO | main | o.h.e.t.jta.platform.internal.JtaPlatformInitiator      | HHH000490: Using JtaPlatform implementation: [org.hibernate.engine.transaction.jta.platform.internal.NoJtaPlatform] 
2023-02-25 13:14:27,748  INFO | main | o.s.orm.jpa.LocalContainerEntityManagerFactoryBean      | Initialized JPA EntityManagerFactory for persistence unit 'default' 
2023-02-25 13:14:28,467  WARN | main | o.s.b.a.o.jpa.JpaBaseConfiguration$JpaWebConfiguration  | spring.jpa.open-in-view is enabled by default. Therefore, database queries may be performed during view rendering. Explicitly configure spring.jpa.open-in-view to disable this warning 
2023-02-25 13:14:29,318  INFO | main | o.s.security.web.DefaultSecurityFilterChain             | Will secure any request with [org.springframework.security.web.context.request.async.WebAsyncManagerIntegrationFilter@34a48013, org.springframework.security.web.context.SecurityContextPersistenceFilter@329cef32, org.springframework.security.web.header.HeaderWriterFilter@41413c5a, org.springframework.security.web.authentication.logout.LogoutFilter@17931cc0, com.akraness.akranesswaitlist.security.JwtRequestFilter@18419ab7, org.springframework.security.web.savedrequest.RequestCacheAwareFilter@655295bd, org.springframework.security.web.servletapi.SecurityContextHolderAwareRequestFilter@1c63b39a, org.springframework.security.web.authentication.AnonymousAuthenticationFilter@50e7d8ba, org.springframework.security.web.session.SessionManagementFilter@6eaa8abf, org.springframework.security.web.access.ExceptionTranslationFilter@8788194, org.springframework.security.web.access.intercept.FilterSecurityInterceptor@619944a7] 
2023-02-25 13:14:31,092  WARN | main | o.s.b.a.freemarker.FreeMarkerAutoConfiguration          | Cannot find template location(s): [classpath:/templates/] (please add some templates, check your FreeMarker configuration, or set spring.freemarker.checkTemplateLocation=false) 
2023-02-25 13:14:31,175  INFO | main | o.s.boot.actuate.endpoint.web.EndpointLinksResolver     | Exposing 1 endpoint(s) beneath base path '/actuator' 
2023-02-25 13:14:31,232  INFO | main | org.apache.coyote.http11.Http11NioProtocol              | Starting ProtocolHandler ["http-nio-8083"] 
2023-02-25 13:14:31,261  INFO | main | o.s.boot.web.embedded.tomcat.TomcatWebServer            | Tomcat started on port(s): 8083 (http) with context path '/user' 
2023-02-25 13:14:31,304  INFO | main | c.akraness.akranesswaitlist.AkranessWaitListApplication | Started AkranessWaitListApplication in 10.567 seconds (JVM running for 11.52) 
2023-02-25 13:14:40,171  INFO | http-nio-8083-exec-1 | o.a.c.core.ContainerBase.[Tomcat].[localhost].[/user]   | Initializing Spring DispatcherServlet 'dispatcherServlet' 
2023-02-25 13:14:40,172  INFO | http-nio-8083-exec-1 | org.springframework.web.servlet.DispatcherServlet       | Initializing Servlet 'dispatcherServlet' 
2023-02-25 13:14:40,176  INFO | http-nio-8083-exec-1 | org.springframework.web.servlet.DispatcherServlet       | Completed initialization in 3 ms 
2023-02-25 13:14:40,227  WARN | http-nio-8083-exec-1 | com.akraness.akranesswaitlist.security.JwtRequestFilter | JWT Token does not begin with Bearer String 
2023-02-25 13:15:09,802  INFO | SpringApplicationShutdownHook | o.s.orm.jpa.LocalContainerEntityManagerFactoryBean      | Closing JPA EntityManagerFactory for persistence unit 'default' 
2023-02-25 13:15:09,805  INFO | SpringApplicationShutdownHook | com.zaxxer.hikari.HikariDataSource                      | HikariPool-1 - Shutdown initiated... 
2023-02-25 13:15:09,818  INFO | SpringApplicationShutdownHook | com.zaxxer.hikari.HikariDataSource                      | HikariPool-1 - Shutdown completed. 
