2023-03-12 00:03:32,074  INFO | background-preinit | org.hibernate.validator.internal.util.Version           | HV000001: Hibernate Validator 6.2.0.Final 
2023-03-12 00:03:32,079  INFO | main | c.akraness.akranesswaitlist.AkranessWaitListApplication | Starting AkranessWaitListApplication using Java 18.0.2.1 on DESKTOP-H3FSNV6 with PID 13180 (C:\Users\HP\Documents\akranex\user-service\target\classes started by HP in C:\Users\HP\Documents\akranex\user-service) 
2023-03-12 00:03:32,083  INFO | main | c.akraness.akranesswaitlist.AkranessWaitListApplication | No active profile set, falling back to default profiles: default 
2023-03-12 00:03:33,968  INFO | main | o.s.d.repository.config.RepositoryConfigurationDelegate | Multiple Spring Data modules found, entering strict repository configuration mode! 
2023-03-12 00:03:33,971  INFO | main | o.s.d.repository.config.RepositoryConfigurationDelegate | Bootstrapping Spring Data JPA repositories in DEFAULT mode. 
2023-03-12 00:03:34,213  INFO | main | o.s.d.repository.config.RepositoryConfigurationDelegate | Finished Spring Data repository scanning in 233 ms. Found 4 JPA repository interfaces. 
2023-03-12 00:03:34,233  INFO | main | o.s.d.repository.config.RepositoryConfigurationDelegate | Multiple Spring Data modules found, entering strict repository configuration mode! 
2023-03-12 00:03:34,235  INFO | main | o.s.d.repository.config.RepositoryConfigurationDelegate | Bootstrapping Spring Data Redis repositories in DEFAULT mode. 
2023-03-12 00:03:34,255  INFO | main | o.s.d.r.config.RepositoryConfigurationExtensionSupport  | Spring Data Redis - Could not safely identify store assignment for repository candidate interface com.akraness.akranesswaitlist.chimoney.repository.ISubAccountRepository. If you want this repository to be a Redis repository, consider annotating your entities with one of these annotations: org.springframework.data.redis.core.RedisHash (preferred), or consider extending one of the following types with your repository: org.springframework.data.keyvalue.repository.KeyValueRepository. 
2023-03-12 00:03:34,256  INFO | main | o.s.d.r.config.RepositoryConfigurationExtensionSupport  | Spring Data Redis - Could not safely identify store assignment for repository candidate interface com.akraness.akranesswaitlist.repository.ICountryRepository. If you want this repository to be a Redis repository, consider annotating your entities with one of these annotations: org.springframework.data.redis.core.RedisHash (preferred), or consider extending one of the following types with your repository: org.springframework.data.keyvalue.repository.KeyValueRepository. 
2023-03-12 00:03:34,256  INFO | main | o.s.d.r.config.RepositoryConfigurationExtensionSupport  | Spring Data Redis - Could not safely identify store assignment for repository candidate interface com.akraness.akranesswaitlist.repository.IUserRepository. If you want this repository to be a Redis repository, consider annotating your entities with one of these annotations: org.springframework.data.redis.core.RedisHash (preferred), or consider extending one of the following types with your repository: org.springframework.data.keyvalue.repository.KeyValueRepository. 
2023-03-12 00:03:34,257  INFO | main | o.s.d.r.config.RepositoryConfigurationExtensionSupport  | Spring Data Redis - Could not safely identify store assignment for repository candidate interface com.akraness.akranesswaitlist.repository.IWaitList. If you want this repository to be a Redis repository, consider annotating your entities with one of these annotations: org.springframework.data.redis.core.RedisHash (preferred), or consider extending one of the following types with your repository: org.springframework.data.keyvalue.repository.KeyValueRepository. 
2023-03-12 00:03:34,257  INFO | main | o.s.d.repository.config.RepositoryConfigurationDelegate | Finished Spring Data repository scanning in 12 ms. Found 0 Redis repository interfaces. 
2023-03-12 00:03:35,143  INFO | main | o.s.boot.web.embedded.tomcat.TomcatWebServer            | Tomcat initialized with port(s): 8083 (http) 
2023-03-12 00:03:35,154  INFO | main | org.apache.coyote.http11.Http11NioProtocol              | Initializing ProtocolHandler ["http-nio-8083"] 
2023-03-12 00:03:35,155  INFO | main | org.apache.catalina.core.StandardService                | Starting service [Tomcat] 
2023-03-12 00:03:35,156  INFO | main | org.apache.catalina.core.StandardEngine                 | Starting Servlet engine: [Apache Tomcat/9.0.56] 
2023-03-12 00:03:35,342  INFO | main | o.a.c.core.ContainerBase.[Tomcat].[localhost].[/user]   | Initializing Spring embedded WebApplicationContext 
2023-03-12 00:03:35,342  INFO | main | o.s.b.w.s.context.ServletWebServerApplicationContext    | Root WebApplicationContext: initialization completed in 3166 ms 
2023-03-12 00:03:35,704  INFO | main | com.zaxxer.hikari.HikariDataSource                      | HikariPool-1 - Starting... 
2023-03-12 00:03:35,876  INFO | main | com.zaxxer.hikari.HikariDataSource                      | HikariPool-1 - Start completed. 
2023-03-12 00:03:35,894  INFO | main | org.flywaydb.core.internal.license.VersionPrinter       | Flyway Community Edition 8.0.5 by Redgate 
2023-03-12 00:03:35,895  INFO | main | o.flywaydb.core.internal.database.base.BaseDatabaseType | Database: jdbc:mysql://localhost:3306/akranex-db (MySQL 5.5) 
2023-03-12 00:03:36,003  INFO | main | org.flywaydb.core.internal.command.DbValidate           | Successfully validated 7 migrations (execution time 00:00.034s) 
2023-03-12 00:03:36,018  INFO | main | org.flywaydb.core.internal.command.DbMigrate            | Current version of schema `akranex-db`: 1678110150 
2023-03-12 00:03:36,037  INFO | main | org.flywaydb.core.internal.command.DbMigrate            | Migrating schema `akranex-db` to version "1678110155 - add gender to user table" 
2023-03-12 00:03:36,103  INFO | main | org.flywaydb.core.internal.command.DbMigrate            | Successfully applied 1 migration to schema `akranex-db`, now at version v1678110155 (execution time 00:00.092s) 
2023-03-12 00:03:36,188  INFO | main | org.hibernate.jpa.internal.util.LogHelper               | HHH000204: Processing PersistenceUnitInfo [name: default] 
2023-03-12 00:03:36,269  INFO | main | org.hibernate.Version                                   | HHH000412: Hibernate ORM core version 5.6.4.Final 
2023-03-12 00:03:36,451  INFO | main | org.hibernate.annotations.common.Version                | HCANN000001: Hibernate Commons Annotations {5.1.2.Final} 
2023-03-12 00:03:36,606  INFO | main | org.hibernate.dialect.Dialect                           | HHH000400: Using dialect: org.hibernate.dialect.MySQL55Dialect 
2023-03-12 00:03:37,440  INFO | main | o.h.e.t.jta.platform.internal.JtaPlatformInitiator      | HHH000490: Using JtaPlatform implementation: [org.hibernate.engine.transaction.jta.platform.internal.NoJtaPlatform] 
2023-03-12 00:03:37,450  INFO | main | o.s.orm.jpa.LocalContainerEntityManagerFactoryBean      | Initialized JPA EntityManagerFactory for persistence unit 'default' 
2023-03-12 00:03:38,157  WARN | main | o.s.b.a.o.jpa.JpaBaseConfiguration$JpaWebConfiguration  | spring.jpa.open-in-view is enabled by default. Therefore, database queries may be performed during view rendering. Explicitly configure spring.jpa.open-in-view to disable this warning 
2023-03-12 00:03:38,771  INFO | main | o.s.security.web.DefaultSecurityFilterChain             | Will secure any request with [org.springframework.security.web.context.request.async.WebAsyncManagerIntegrationFilter@3796ff4, org.springframework.security.web.context.SecurityContextPersistenceFilter@49868df8, org.springframework.security.web.header.HeaderWriterFilter@7bb50747, org.springframework.security.web.authentication.logout.LogoutFilter@d20e900, com.akraness.akranesswaitlist.security.JwtRequestFilter@222dc36c, org.springframework.security.web.savedrequest.RequestCacheAwareFilter@1d09fb8e, org.springframework.security.web.servletapi.SecurityContextHolderAwareRequestFilter@921dbcf, org.springframework.security.web.authentication.AnonymousAuthenticationFilter@5ce045e3, org.springframework.security.web.session.SessionManagementFilter@547aa7f4, org.springframework.security.web.access.ExceptionTranslationFilter@3f563397, org.springframework.security.web.access.intercept.FilterSecurityInterceptor@1d9295e2] 
2023-03-12 00:03:40,586  WARN | main | o.s.b.a.freemarker.FreeMarkerAutoConfiguration          | Cannot find template location(s): [classpath:/templates/] (please add some templates, check your FreeMarker configuration, or set spring.freemarker.checkTemplateLocation=false) 
2023-03-12 00:03:40,656  INFO | main | o.s.boot.actuate.endpoint.web.EndpointLinksResolver     | Exposing 1 endpoint(s) beneath base path '/actuator' 
2023-03-12 00:03:40,719  INFO | main | org.apache.coyote.http11.Http11NioProtocol              | Starting ProtocolHandler ["http-nio-8083"] 
2023-03-12 00:03:40,745  INFO | main | o.s.boot.web.embedded.tomcat.TomcatWebServer            | Tomcat started on port(s): 8083 (http) with context path '/user' 
2023-03-12 00:03:40,762  INFO | main | c.akraness.akranesswaitlist.AkranessWaitListApplication | Started AkranessWaitListApplication in 9.317 seconds (JVM running for 10.632) 
2023-03-12 00:03:41,037  INFO | RMI TCP Connection(4)-192.168.32.1 | o.a.c.core.ContainerBase.[Tomcat].[localhost].[/user]   | Initializing Spring DispatcherServlet 'dispatcherServlet' 
2023-03-12 00:03:41,038  INFO | RMI TCP Connection(4)-192.168.32.1 | org.springframework.web.servlet.DispatcherServlet       | Initializing Servlet 'dispatcherServlet' 
2023-03-12 00:03:41,040  INFO | RMI TCP Connection(4)-192.168.32.1 | org.springframework.web.servlet.DispatcherServlet       | Completed initialization in 2 ms 
2023-03-12 00:09:37,304  INFO | SpringApplicationShutdownHook | o.s.orm.jpa.LocalContainerEntityManagerFactoryBean      | Closing JPA EntityManagerFactory for persistence unit 'default' 
2023-03-12 00:09:37,309  INFO | SpringApplicationShutdownHook | com.zaxxer.hikari.HikariDataSource                      | HikariPool-1 - Shutdown initiated... 
2023-03-12 00:09:37,327  INFO | SpringApplicationShutdownHook | com.zaxxer.hikari.HikariDataSource                      | HikariPool-1 - Shutdown completed. 
2023-03-12 00:09:46,724  INFO | main | c.akraness.akranesswaitlist.AkranessWaitListApplication | Starting AkranessWaitListApplication using Java 18.0.2.1 on DESKTOP-H3FSNV6 with PID 10456 (C:\Users\HP\Documents\akranex\user-service\target\classes started by HP in C:\Users\HP\Documents\akranex\user-service) 
2023-03-12 00:09:46,725  INFO | background-preinit | org.hibernate.validator.internal.util.Version           | HV000001: Hibernate Validator 6.2.0.Final 
2023-03-12 00:09:46,729  INFO | main | c.akraness.akranesswaitlist.AkranessWaitListApplication | No active profile set, falling back to default profiles: default 
2023-03-12 00:09:48,702  INFO | main | o.s.d.repository.config.RepositoryConfigurationDelegate | Multiple Spring Data modules found, entering strict repository configuration mode! 
2023-03-12 00:09:48,705  INFO | main | o.s.d.repository.config.RepositoryConfigurationDelegate | Bootstrapping Spring Data JPA repositories in DEFAULT mode. 
2023-03-12 00:09:48,970  INFO | main | o.s.d.repository.config.RepositoryConfigurationDelegate | Finished Spring Data repository scanning in 257 ms. Found 4 JPA repository interfaces. 
2023-03-12 00:09:48,987  INFO | main | o.s.d.repository.config.RepositoryConfigurationDelegate | Multiple Spring Data modules found, entering strict repository configuration mode! 
2023-03-12 00:09:48,989  INFO | main | o.s.d.repository.config.RepositoryConfigurationDelegate | Bootstrapping Spring Data Redis repositories in DEFAULT mode. 
2023-03-12 00:09:49,016  INFO | main | o.s.d.r.config.RepositoryConfigurationExtensionSupport  | Spring Data Redis - Could not safely identify store assignment for repository candidate interface com.akraness.akranesswaitlist.chimoney.repository.ISubAccountRepository. If you want this repository to be a Redis repository, consider annotating your entities with one of these annotations: org.springframework.data.redis.core.RedisHash (preferred), or consider extending one of the following types with your repository: org.springframework.data.keyvalue.repository.KeyValueRepository. 
2023-03-12 00:09:49,017  INFO | main | o.s.d.r.config.RepositoryConfigurationExtensionSupport  | Spring Data Redis - Could not safely identify store assignment for repository candidate interface com.akraness.akranesswaitlist.repository.ICountryRepository. If you want this repository to be a Redis repository, consider annotating your entities with one of these annotations: org.springframework.data.redis.core.RedisHash (preferred), or consider extending one of the following types with your repository: org.springframework.data.keyvalue.repository.KeyValueRepository. 
2023-03-12 00:09:49,018  INFO | main | o.s.d.r.config.RepositoryConfigurationExtensionSupport  | Spring Data Redis - Could not safely identify store assignment for repository candidate interface com.akraness.akranesswaitlist.repository.IUserRepository. If you want this repository to be a Redis repository, consider annotating your entities with one of these annotations: org.springframework.data.redis.core.RedisHash (preferred), or consider extending one of the following types with your repository: org.springframework.data.keyvalue.repository.KeyValueRepository. 
2023-03-12 00:09:49,019  INFO | main | o.s.d.r.config.RepositoryConfigurationExtensionSupport  | Spring Data Redis - Could not safely identify store assignment for repository candidate interface com.akraness.akranesswaitlist.repository.IWaitList. If you want this repository to be a Redis repository, consider annotating your entities with one of these annotations: org.springframework.data.redis.core.RedisHash (preferred), or consider extending one of the following types with your repository: org.springframework.data.keyvalue.repository.KeyValueRepository. 
2023-03-12 00:09:49,020  INFO | main | o.s.d.repository.config.RepositoryConfigurationDelegate | Finished Spring Data repository scanning in 17 ms. Found 0 Redis repository interfaces. 
2023-03-12 00:09:50,035  INFO | main | o.s.boot.web.embedded.tomcat.TomcatWebServer            | Tomcat initialized with port(s): 8083 (http) 
2023-03-12 00:09:50,047  INFO | main | org.apache.coyote.http11.Http11NioProtocol              | Initializing ProtocolHandler ["http-nio-8083"] 
2023-03-12 00:09:50,048  INFO | main | org.apache.catalina.core.StandardService                | Starting service [Tomcat] 
2023-03-12 00:09:50,048  INFO | main | org.apache.catalina.core.StandardEngine                 | Starting Servlet engine: [Apache Tomcat/9.0.56] 
2023-03-12 00:09:50,230  INFO | main | o.a.c.core.ContainerBase.[Tomcat].[localhost].[/user]   | Initializing Spring embedded WebApplicationContext 
2023-03-12 00:09:50,231  INFO | main | o.s.b.w.s.context.ServletWebServerApplicationContext    | Root WebApplicationContext: initialization completed in 3407 ms 
2023-03-12 00:09:50,845  INFO | main | com.zaxxer.hikari.HikariDataSource                      | HikariPool-1 - Starting... 
2023-03-12 00:09:51,151  INFO | main | com.zaxxer.hikari.HikariDataSource                      | HikariPool-1 - Start completed. 
2023-03-12 00:09:51,165  INFO | main | org.flywaydb.core.internal.license.VersionPrinter       | Flyway Community Edition 8.0.5 by Redgate 
2023-03-12 00:09:51,166  INFO | main | o.flywaydb.core.internal.database.base.BaseDatabaseType | Database: jdbc:mysql://localhost:3306/akranex-db (MySQL 5.5) 
2023-03-12 00:09:51,281  INFO | main | org.flywaydb.core.internal.command.DbValidate           | Successfully validated 7 migrations (execution time 00:00.046s) 
2023-03-12 00:09:51,304  INFO | main | org.flywaydb.core.internal.command.DbMigrate            | Current version of schema `akranex-db`: 1678110155 
2023-03-12 00:09:51,306  INFO | main | org.flywaydb.core.internal.command.DbMigrate            | Schema `akranex-db` is up to date. No migration necessary. 
2023-03-12 00:09:51,471  INFO | main | org.hibernate.jpa.internal.util.LogHelper               | HHH000204: Processing PersistenceUnitInfo [name: default] 
2023-03-12 00:09:51,556  INFO | main | org.hibernate.Version                                   | HHH000412: Hibernate ORM core version 5.6.4.Final 
2023-03-12 00:09:51,779  INFO | main | org.hibernate.annotations.common.Version                | HCANN000001: Hibernate Commons Annotations {5.1.2.Final} 
2023-03-12 00:09:51,950  INFO | main | org.hibernate.dialect.Dialect                           | HHH000400: Using dialect: org.hibernate.dialect.MySQL55Dialect 
2023-03-12 00:09:52,830  INFO | main | o.h.e.t.jta.platform.internal.JtaPlatformInitiator      | HHH000490: Using JtaPlatform implementation: [org.hibernate.engine.transaction.jta.platform.internal.NoJtaPlatform] 
2023-03-12 00:09:52,842  INFO | main | o.s.orm.jpa.LocalContainerEntityManagerFactoryBean      | Initialized JPA EntityManagerFactory for persistence unit 'default' 
2023-03-12 00:09:53,642  WARN | main | o.s.b.a.o.jpa.JpaBaseConfiguration$JpaWebConfiguration  | spring.jpa.open-in-view is enabled by default. Therefore, database queries may be performed during view rendering. Explicitly configure spring.jpa.open-in-view to disable this warning 
2023-03-12 00:09:54,370  INFO | main | o.s.security.web.DefaultSecurityFilterChain             | Will secure any request with [org.springframework.security.web.context.request.async.WebAsyncManagerIntegrationFilter@50c462b8, org.springframework.security.web.context.SecurityContextPersistenceFilter@78907a46, org.springframework.security.web.header.HeaderWriterFilter@65e4eba5, org.springframework.security.web.authentication.logout.LogoutFilter@5ed1bc4f, com.akraness.akranesswaitlist.security.JwtRequestFilter@b8c6406, org.springframework.security.web.savedrequest.RequestCacheAwareFilter@5a503cf0, org.springframework.security.web.servletapi.SecurityContextHolderAwareRequestFilter@6ba19932, org.springframework.security.web.authentication.AnonymousAuthenticationFilter@77d03738, org.springframework.security.web.session.SessionManagementFilter@eaf3dd0, org.springframework.security.web.access.ExceptionTranslationFilter@760f4310, org.springframework.security.web.access.intercept.FilterSecurityInterceptor@47fb30ca] 
2023-03-12 00:09:56,270  WARN | main | o.s.b.a.freemarker.FreeMarkerAutoConfiguration          | Cannot find template location(s): [classpath:/templates/] (please add some templates, check your FreeMarker configuration, or set spring.freemarker.checkTemplateLocation=false) 
2023-03-12 00:09:56,353  INFO | main | o.s.boot.actuate.endpoint.web.EndpointLinksResolver     | Exposing 1 endpoint(s) beneath base path '/actuator' 
2023-03-12 00:09:56,427  INFO | main | org.apache.coyote.http11.Http11NioProtocol              | Starting ProtocolHandler ["http-nio-8083"] 
2023-03-12 00:09:56,463  INFO | main | o.s.boot.web.embedded.tomcat.TomcatWebServer            | Tomcat started on port(s): 8083 (http) with context path '/user' 
2023-03-12 00:09:56,491  INFO | main | c.akraness.akranesswaitlist.AkranessWaitListApplication | Started AkranessWaitListApplication in 10.495 seconds (JVM running for 11.916) 
2023-03-12 00:09:56,626  INFO | RMI TCP Connection(2)-192.168.32.1 | o.a.c.core.ContainerBase.[Tomcat].[localhost].[/user]   | Initializing Spring DispatcherServlet 'dispatcherServlet' 
2023-03-12 00:09:56,626  INFO | RMI TCP Connection(2)-192.168.32.1 | org.springframework.web.servlet.DispatcherServlet       | Initializing Servlet 'dispatcherServlet' 
2023-03-12 00:09:56,629  INFO | RMI TCP Connection(2)-192.168.32.1 | org.springframework.web.servlet.DispatcherServlet       | Completed initialization in 2 ms 
2023-03-12 00:10:12,848  WARN | http-nio-8083-exec-2 | com.akraness.akranesswaitlist.security.JwtRequestFilter | JWT Token does not begin with Bearer String 
2023-03-12 00:12:24,620  INFO | SpringApplicationShutdownHook | o.s.orm.jpa.LocalContainerEntityManagerFactoryBean      | Closing JPA EntityManagerFactory for persistence unit 'default' 
2023-03-12 00:12:24,627  INFO | SpringApplicationShutdownHook | com.zaxxer.hikari.HikariDataSource                      | HikariPool-1 - Shutdown initiated... 
2023-03-12 00:12:24,700  INFO | SpringApplicationShutdownHook | com.zaxxer.hikari.HikariDataSource                      | HikariPool-1 - Shutdown completed. 
2023-03-12 00:12:33,654  INFO | background-preinit | org.hibernate.validator.internal.util.Version           | HV000001: Hibernate Validator 6.2.0.Final 
2023-03-12 00:12:33,666  INFO | main | c.akraness.akranesswaitlist.AkranessWaitListApplication | Starting AkranessWaitListApplication using Java 18.0.2.1 on DESKTOP-H3FSNV6 with PID 3240 (C:\Users\HP\Documents\akranex\user-service\target\classes started by HP in C:\Users\HP\Documents\akranex\user-service) 
2023-03-12 00:12:33,668  INFO | main | c.akraness.akranesswaitlist.AkranessWaitListApplication | No active profile set, falling back to default profiles: default 
2023-03-12 00:12:35,616  INFO | main | o.s.d.repository.config.RepositoryConfigurationDelegate | Multiple Spring Data modules found, entering strict repository configuration mode! 
2023-03-12 00:12:35,619  INFO | main | o.s.d.repository.config.RepositoryConfigurationDelegate | Bootstrapping Spring Data JPA repositories in DEFAULT mode. 
2023-03-12 00:12:35,828  INFO | main | o.s.d.repository.config.RepositoryConfigurationDelegate | Finished Spring Data repository scanning in 196 ms. Found 4 JPA repository interfaces. 
2023-03-12 00:12:35,850  INFO | main | o.s.d.repository.config.RepositoryConfigurationDelegate | Multiple Spring Data modules found, entering strict repository configuration mode! 
2023-03-12 00:12:35,852  INFO | main | o.s.d.repository.config.RepositoryConfigurationDelegate | Bootstrapping Spring Data Redis repositories in DEFAULT mode. 
2023-03-12 00:12:35,880  INFO | main | o.s.d.r.config.RepositoryConfigurationExtensionSupport  | Spring Data Redis - Could not safely identify store assignment for repository candidate interface com.akraness.akranesswaitlist.chimoney.repository.ISubAccountRepository. If you want this repository to be a Redis repository, consider annotating your entities with one of these annotations: org.springframework.data.redis.core.RedisHash (preferred), or consider extending one of the following types with your repository: org.springframework.data.keyvalue.repository.KeyValueRepository. 
2023-03-12 00:12:35,881  INFO | main | o.s.d.r.config.RepositoryConfigurationExtensionSupport  | Spring Data Redis - Could not safely identify store assignment for repository candidate interface com.akraness.akranesswaitlist.repository.ICountryRepository. If you want this repository to be a Redis repository, consider annotating your entities with one of these annotations: org.springframework.data.redis.core.RedisHash (preferred), or consider extending one of the following types with your repository: org.springframework.data.keyvalue.repository.KeyValueRepository. 
2023-03-12 00:12:35,881  INFO | main | o.s.d.r.config.RepositoryConfigurationExtensionSupport  | Spring Data Redis - Could not safely identify store assignment for repository candidate interface com.akraness.akranesswaitlist.repository.IUserRepository. If you want this repository to be a Redis repository, consider annotating your entities with one of these annotations: org.springframework.data.redis.core.RedisHash (preferred), or consider extending one of the following types with your repository: org.springframework.data.keyvalue.repository.KeyValueRepository. 
2023-03-12 00:12:35,882  INFO | main | o.s.d.r.config.RepositoryConfigurationExtensionSupport  | Spring Data Redis - Could not safely identify store assignment for repository candidate interface com.akraness.akranesswaitlist.repository.IWaitList. If you want this repository to be a Redis repository, consider annotating your entities with one of these annotations: org.springframework.data.redis.core.RedisHash (preferred), or consider extending one of the following types with your repository: org.springframework.data.keyvalue.repository.KeyValueRepository. 
2023-03-12 00:12:35,882  INFO | main | o.s.d.repository.config.RepositoryConfigurationDelegate | Finished Spring Data repository scanning in 15 ms. Found 0 Redis repository interfaces. 
2023-03-12 00:12:36,749  INFO | main | o.s.boot.web.embedded.tomcat.TomcatWebServer            | Tomcat initialized with port(s): 8083 (http) 
2023-03-12 00:12:36,760  INFO | main | org.apache.coyote.http11.Http11NioProtocol              | Initializing ProtocolHandler ["http-nio-8083"] 
2023-03-12 00:12:36,761  INFO | main | org.apache.catalina.core.StandardService                | Starting service [Tomcat] 
2023-03-12 00:12:36,761  INFO | main | org.apache.catalina.core.StandardEngine                 | Starting Servlet engine: [Apache Tomcat/9.0.56] 
2023-03-12 00:12:36,934  INFO | main | o.a.c.core.ContainerBase.[Tomcat].[localhost].[/user]   | Initializing Spring embedded WebApplicationContext 
2023-03-12 00:12:36,935  INFO | main | o.s.b.w.s.context.ServletWebServerApplicationContext    | Root WebApplicationContext: initialization completed in 3197 ms 
2023-03-12 00:12:37,288  INFO | main | com.zaxxer.hikari.HikariDataSource                      | HikariPool-1 - Starting... 
2023-03-12 00:12:37,436  INFO | main | com.zaxxer.hikari.HikariDataSource                      | HikariPool-1 - Start completed. 
2023-03-12 00:12:37,446  INFO | main | org.flywaydb.core.internal.license.VersionPrinter       | Flyway Community Edition 8.0.5 by Redgate 
2023-03-12 00:12:37,446  INFO | main | o.flywaydb.core.internal.database.base.BaseDatabaseType | Database: jdbc:mysql://localhost:3306/akranex-db (MySQL 5.5) 
2023-03-12 00:12:37,590  INFO | main | org.flywaydb.core.internal.command.DbValidate           | Successfully validated 7 migrations (execution time 00:00.078s) 
2023-03-12 00:12:37,602  INFO | main | org.flywaydb.core.internal.command.DbMigrate            | Current version of schema `akranex-db`: 1678110155 
2023-03-12 00:12:37,604  INFO | main | org.flywaydb.core.internal.command.DbMigrate            | Schema `akranex-db` is up to date. No migration necessary. 
2023-03-12 00:12:37,698  INFO | main | org.hibernate.jpa.internal.util.LogHelper               | HHH000204: Processing PersistenceUnitInfo [name: default] 
2023-03-12 00:12:37,759  INFO | main | org.hibernate.Version                                   | HHH000412: Hibernate ORM core version 5.6.4.Final 
2023-03-12 00:12:37,957  INFO | main | org.hibernate.annotations.common.Version                | HCANN000001: Hibernate Commons Annotations {5.1.2.Final} 
2023-03-12 00:12:38,099  INFO | main | org.hibernate.dialect.Dialect                           | HHH000400: Using dialect: org.hibernate.dialect.MySQL55Dialect 
2023-03-12 00:12:38,894  INFO | main | o.h.e.t.jta.platform.internal.JtaPlatformInitiator      | HHH000490: Using JtaPlatform implementation: [org.hibernate.engine.transaction.jta.platform.internal.NoJtaPlatform] 
2023-03-12 00:12:38,906  INFO | main | o.s.orm.jpa.LocalContainerEntityManagerFactoryBean      | Initialized JPA EntityManagerFactory for persistence unit 'default' 
2023-03-12 00:12:39,629  WARN | main | o.s.b.a.o.jpa.JpaBaseConfiguration$JpaWebConfiguration  | spring.jpa.open-in-view is enabled by default. Therefore, database queries may be performed during view rendering. Explicitly configure spring.jpa.open-in-view to disable this warning 
2023-03-12 00:12:40,249  INFO | main | o.s.security.web.DefaultSecurityFilterChain             | Will secure any request with [org.springframework.security.web.context.request.async.WebAsyncManagerIntegrationFilter@1902ad0f, org.springframework.security.web.context.SecurityContextPersistenceFilter@1efa258e, org.springframework.security.web.header.HeaderWriterFilter@7f680a9a, org.springframework.security.web.authentication.logout.LogoutFilter@723aa04, com.akraness.akranesswaitlist.security.JwtRequestFilter@45649467, org.springframework.security.web.savedrequest.RequestCacheAwareFilter@4c9235c0, org.springframework.security.web.servletapi.SecurityContextHolderAwareRequestFilter@23acd55e, org.springframework.security.web.authentication.AnonymousAuthenticationFilter@653fbbfc, org.springframework.security.web.session.SessionManagementFilter@be56353, org.springframework.security.web.access.ExceptionTranslationFilter@d2ca3a9, org.springframework.security.web.access.intercept.FilterSecurityInterceptor@39a8c08f] 
2023-03-12 00:12:41,960  WARN | main | o.s.b.a.freemarker.FreeMarkerAutoConfiguration          | Cannot find template location(s): [classpath:/templates/] (please add some templates, check your FreeMarker configuration, or set spring.freemarker.checkTemplateLocation=false) 
2023-03-12 00:12:42,024  INFO | main | o.s.boot.actuate.endpoint.web.EndpointLinksResolver     | Exposing 1 endpoint(s) beneath base path '/actuator' 
2023-03-12 00:12:42,082  INFO | main | org.apache.coyote.http11.Http11NioProtocol              | Starting ProtocolHandler ["http-nio-8083"] 
2023-03-12 00:12:42,111  INFO | main | o.s.boot.web.embedded.tomcat.TomcatWebServer            | Tomcat started on port(s): 8083 (http) with context path '/user' 
2023-03-12 00:12:42,137  INFO | main | c.akraness.akranesswaitlist.AkranessWaitListApplication | Started AkranessWaitListApplication in 9.125 seconds (JVM running for 10.566) 
2023-03-12 00:12:42,688  INFO | RMI TCP Connection(3)-192.168.32.1 | o.a.c.core.ContainerBase.[Tomcat].[localhost].[/user]   | Initializing Spring DispatcherServlet 'dispatcherServlet' 
2023-03-12 00:12:42,689  INFO | RMI TCP Connection(3)-192.168.32.1 | org.springframework.web.servlet.DispatcherServlet       | Initializing Servlet 'dispatcherServlet' 
2023-03-12 00:12:42,691  INFO | RMI TCP Connection(3)-192.168.32.1 | org.springframework.web.servlet.DispatcherServlet       | Completed initialization in 2 ms 
2023-03-12 00:12:53,255  WARN | http-nio-8083-exec-2 | com.akraness.akranesswaitlist.security.JwtRequestFilter | JWT Token does not begin with Bearer String 
2023-03-12 00:12:55,665  WARN | http-nio-8083-exec-3 | com.akraness.akranesswaitlist.security.JwtRequestFilter | JWT Token does not begin with Bearer String 
2023-03-12 00:13:05,566  WARN | http-nio-8083-exec-4 | com.akraness.akranesswaitlist.security.JwtRequestFilter | JWT Token does not begin with Bearer String 
2023-03-12 00:13:41,394  WARN | http-nio-8083-exec-5 | com.akraness.akranesswaitlist.security.JwtRequestFilter | JWT Token does not begin with Bearer String 
2023-03-12 00:21:28,520  INFO | SpringApplicationShutdownHook | o.s.orm.jpa.LocalContainerEntityManagerFactoryBean      | Closing JPA EntityManagerFactory for persistence unit 'default' 
2023-03-12 00:21:28,523  INFO | SpringApplicationShutdownHook | com.zaxxer.hikari.HikariDataSource                      | HikariPool-1 - Shutdown initiated... 
2023-03-12 00:21:28,533  INFO | SpringApplicationShutdownHook | com.zaxxer.hikari.HikariDataSource                      | HikariPool-1 - Shutdown completed. 
2023-03-12 00:21:37,783  INFO | main | c.akraness.akranesswaitlist.AkranessWaitListApplication | Starting AkranessWaitListApplication using Java 18.0.2.1 on DESKTOP-H3FSNV6 with PID 19492 (C:\Users\HP\Documents\akranex\user-service\target\classes started by HP in C:\Users\HP\Documents\akranex\user-service) 
2023-03-12 00:21:37,780  INFO | background-preinit | org.hibernate.validator.internal.util.Version           | HV000001: Hibernate Validator 6.2.0.Final 
2023-03-12 00:21:37,786  INFO | main | c.akraness.akranesswaitlist.AkranessWaitListApplication | No active profile set, falling back to default profiles: default 
2023-03-12 00:21:40,510  INFO | main | o.s.d.repository.config.RepositoryConfigurationDelegate | Multiple Spring Data modules found, entering strict repository configuration mode! 
2023-03-12 00:21:40,513  INFO | main | o.s.d.repository.config.RepositoryConfigurationDelegate | Bootstrapping Spring Data JPA repositories in DEFAULT mode. 
2023-03-12 00:21:40,788  INFO | main | o.s.d.repository.config.RepositoryConfigurationDelegate | Finished Spring Data repository scanning in 261 ms. Found 4 JPA repository interfaces. 
2023-03-12 00:21:40,810  INFO | main | o.s.d.repository.config.RepositoryConfigurationDelegate | Multiple Spring Data modules found, entering strict repository configuration mode! 
2023-03-12 00:21:40,811  INFO | main | o.s.d.repository.config.RepositoryConfigurationDelegate | Bootstrapping Spring Data Redis repositories in DEFAULT mode. 
2023-03-12 00:21:40,837  INFO | main | o.s.d.r.config.RepositoryConfigurationExtensionSupport  | Spring Data Redis - Could not safely identify store assignment for repository candidate interface com.akraness.akranesswaitlist.chimoney.repository.ISubAccountRepository. If you want this repository to be a Redis repository, consider annotating your entities with one of these annotations: org.springframework.data.redis.core.RedisHash (preferred), or consider extending one of the following types with your repository: org.springframework.data.keyvalue.repository.KeyValueRepository. 
2023-03-12 00:21:40,838  INFO | main | o.s.d.r.config.RepositoryConfigurationExtensionSupport  | Spring Data Redis - Could not safely identify store assignment for repository candidate interface com.akraness.akranesswaitlist.repository.ICountryRepository. If you want this repository to be a Redis repository, consider annotating your entities with one of these annotations: org.springframework.data.redis.core.RedisHash (preferred), or consider extending one of the following types with your repository: org.springframework.data.keyvalue.repository.KeyValueRepository. 
2023-03-12 00:21:40,839  INFO | main | o.s.d.r.config.RepositoryConfigurationExtensionSupport  | Spring Data Redis - Could not safely identify store assignment for repository candidate interface com.akraness.akranesswaitlist.repository.IUserRepository. If you want this repository to be a Redis repository, consider annotating your entities with one of these annotations: org.springframework.data.redis.core.RedisHash (preferred), or consider extending one of the following types with your repository: org.springframework.data.keyvalue.repository.KeyValueRepository. 
2023-03-12 00:21:40,841  INFO | main | o.s.d.r.config.RepositoryConfigurationExtensionSupport  | Spring Data Redis - Could not safely identify store assignment for repository candidate interface com.akraness.akranesswaitlist.repository.IWaitList. If you want this repository to be a Redis repository, consider annotating your entities with one of these annotations: org.springframework.data.redis.core.RedisHash (preferred), or consider extending one of the following types with your repository: org.springframework.data.keyvalue.repository.KeyValueRepository. 
2023-03-12 00:21:40,842  INFO | main | o.s.d.repository.config.RepositoryConfigurationDelegate | Finished Spring Data repository scanning in 18 ms. Found 0 Redis repository interfaces. 
2023-03-12 00:21:41,825  INFO | main | o.s.boot.web.embedded.tomcat.TomcatWebServer            | Tomcat initialized with port(s): 8083 (http) 
2023-03-12 00:21:41,839  INFO | main | org.apache.coyote.http11.Http11NioProtocol              | Initializing ProtocolHandler ["http-nio-8083"] 
2023-03-12 00:21:41,839  INFO | main | org.apache.catalina.core.StandardService                | Starting service [Tomcat] 
2023-03-12 00:21:41,840  INFO | main | org.apache.catalina.core.StandardEngine                 | Starting Servlet engine: [Apache Tomcat/9.0.56] 
2023-03-12 00:21:42,016  INFO | main | o.a.c.core.ContainerBase.[Tomcat].[localhost].[/user]   | Initializing Spring embedded WebApplicationContext 
2023-03-12 00:21:42,018  INFO | main | o.s.b.w.s.context.ServletWebServerApplicationContext    | Root WebApplicationContext: initialization completed in 4128 ms 
2023-03-12 00:21:42,420  INFO | main | com.zaxxer.hikari.HikariDataSource                      | HikariPool-1 - Starting... 
2023-03-12 00:21:42,623  INFO | main | com.zaxxer.hikari.HikariDataSource                      | HikariPool-1 - Start completed. 
2023-03-12 00:21:42,638  INFO | main | org.flywaydb.core.internal.license.VersionPrinter       | Flyway Community Edition 8.0.5 by Redgate 
2023-03-12 00:21:42,638  INFO | main | o.flywaydb.core.internal.database.base.BaseDatabaseType | Database: jdbc:mysql://localhost:3306/akranex-db (MySQL 5.5) 
2023-03-12 00:21:42,755  INFO | main | org.flywaydb.core.internal.command.DbValidate           | Successfully validated 7 migrations (execution time 00:00.036s) 
2023-03-12 00:21:42,774  INFO | main | org.flywaydb.core.internal.command.DbMigrate            | Current version of schema `akranex-db`: 1678110155 
2023-03-12 00:21:42,775  INFO | main | org.flywaydb.core.internal.command.DbMigrate            | Schema `akranex-db` is up to date. No migration necessary. 
2023-03-12 00:21:42,891  INFO | main | org.hibernate.jpa.internal.util.LogHelper               | HHH000204: Processing PersistenceUnitInfo [name: default] 
2023-03-12 00:21:42,973  INFO | main | org.hibernate.Version                                   | HHH000412: Hibernate ORM core version 5.6.4.Final 
2023-03-12 00:21:43,221  INFO | main | org.hibernate.annotations.common.Version                | HCANN000001: Hibernate Commons Annotations {5.1.2.Final} 
2023-03-12 00:21:43,399  INFO | main | org.hibernate.dialect.Dialect                           | HHH000400: Using dialect: org.hibernate.dialect.MySQL55Dialect 
2023-03-12 00:21:44,263  INFO | main | o.h.e.t.jta.platform.internal.JtaPlatformInitiator      | HHH000490: Using JtaPlatform implementation: [org.hibernate.engine.transaction.jta.platform.internal.NoJtaPlatform] 
2023-03-12 00:21:44,273  INFO | main | o.s.orm.jpa.LocalContainerEntityManagerFactoryBean      | Initialized JPA EntityManagerFactory for persistence unit 'default' 
2023-03-12 00:21:45,034  WARN | main | o.s.b.a.o.jpa.JpaBaseConfiguration$JpaWebConfiguration  | spring.jpa.open-in-view is enabled by default. Therefore, database queries may be performed during view rendering. Explicitly configure spring.jpa.open-in-view to disable this warning 
2023-03-12 00:21:45,744  INFO | main | o.s.security.web.DefaultSecurityFilterChain             | Will secure any request with [org.springframework.security.web.context.request.async.WebAsyncManagerIntegrationFilter@c42ee90, org.springframework.security.web.context.SecurityContextPersistenceFilter@70c6c6a7, org.springframework.security.web.header.HeaderWriterFilter@57e83608, org.springframework.security.web.authentication.logout.LogoutFilter@6f78c132, com.akraness.akranesswaitlist.security.JwtRequestFilter@1315befe, org.springframework.security.web.savedrequest.RequestCacheAwareFilter@56511eda, org.springframework.security.web.servletapi.SecurityContextHolderAwareRequestFilter@77eb76f, org.springframework.security.web.authentication.AnonymousAuthenticationFilter@70c2a046, org.springframework.security.web.session.SessionManagementFilter@526a1b51, org.springframework.security.web.access.ExceptionTranslationFilter@6bf27411, org.springframework.security.web.access.intercept.FilterSecurityInterceptor@6d4b09c7] 
2023-03-12 00:21:47,388  WARN | main | o.s.b.a.freemarker.FreeMarkerAutoConfiguration          | Cannot find template location(s): [classpath:/templates/] (please add some templates, check your FreeMarker configuration, or set spring.freemarker.checkTemplateLocation=false) 
2023-03-12 00:21:47,456  INFO | main | o.s.boot.actuate.endpoint.web.EndpointLinksResolver     | Exposing 1 endpoint(s) beneath base path '/actuator' 
2023-03-12 00:21:47,515  INFO | main | org.apache.coyote.http11.Http11NioProtocol              | Starting ProtocolHandler ["http-nio-8083"] 
2023-03-12 00:21:47,542  INFO | main | o.s.boot.web.embedded.tomcat.TomcatWebServer            | Tomcat started on port(s): 8083 (http) with context path '/user' 
2023-03-12 00:21:47,559  INFO | main | c.akraness.akranesswaitlist.AkranessWaitListApplication | Started AkranessWaitListApplication in 10.522 seconds (JVM running for 11.985) 
2023-03-12 00:21:47,714  INFO | RMI TCP Connection(1)-192.168.32.1 | o.a.c.core.ContainerBase.[Tomcat].[localhost].[/user]   | Initializing Spring DispatcherServlet 'dispatcherServlet' 
2023-03-12 00:21:47,715  INFO | RMI TCP Connection(1)-192.168.32.1 | org.springframework.web.servlet.DispatcherServlet       | Initializing Servlet 'dispatcherServlet' 
2023-03-12 00:21:47,718  INFO | RMI TCP Connection(1)-192.168.32.1 | org.springframework.web.servlet.DispatcherServlet       | Completed initialization in 3 ms 
2023-03-12 00:21:49,936  WARN | http-nio-8083-exec-2 | com.akraness.akranesswaitlist.security.JwtRequestFilter | JWT Token does not begin with Bearer String 
2023-03-12 00:23:48,856  INFO | SpringApplicationShutdownHook | o.s.orm.jpa.LocalContainerEntityManagerFactoryBean      | Closing JPA EntityManagerFactory for persistence unit 'default' 
2023-03-12 00:23:48,860  INFO | SpringApplicationShutdownHook | com.zaxxer.hikari.HikariDataSource                      | HikariPool-1 - Shutdown initiated... 
2023-03-12 00:23:48,871  INFO | SpringApplicationShutdownHook | com.zaxxer.hikari.HikariDataSource                      | HikariPool-1 - Shutdown completed. 
